#
# There is insufficient memory for the Java Runtime Environment to continue.
# Native memory allocation (malloc) failed to allocate 811696 bytes. Error detail: Chunk::new
# Possible reasons:
#   The system is out of physical RAM or swap space
#   This process is running with CompressedOops enabled, and the Java Heap may be blocking the growth of the native heap
# Possible solutions:
#   Reduce memory load on the system
#   Increase physical memory or swap space
#   Check if swap backing store is full
#   Decrease Java heap size (-Xmx/-Xms)
#   Decrease number of Java threads
#   Decrease Java thread stack sizes (-Xss)
#   Set larger code cache with -XX:ReservedCodeCacheSize=
#   JVM is running with Unscaled Compressed Oops mode in which the Java heap is
#     placed in the first 4GB address space. The Java Heap base address is the
#     maximum limit for the native heap growth. Please use -XX:HeapBaseMinAddress
#     to set the Java Heap base and to place the Java Heap above 4GB virtual address.
# This output file may be truncated or incomplete.
#
#  Out of Memory Error (arena.cpp:191), pid=3100, tid=11036
#
# JRE version: OpenJDK Runtime Environment Temurin-17.0.13+11 (17.0.13+11) (build 17.0.13+11)
# Java VM: OpenJDK 64-Bit Server VM Temurin-17.0.13+11 (17.0.13+11, mixed mode, tiered, compressed oops, compressed class ptrs, parallel gc, windows-amd64)
# No core dump will be written. Minidumps are not enabled by default on client versions of Windows
#

---------------  S U M M A R Y ------------

Command Line: --add-modules=ALL-SYSTEM --add-opens=java.base/java.util=ALL-UNNAMED --add-opens=java.base/java.lang=ALL-UNNAMED --add-opens=java.base/sun.nio.fs=ALL-UNNAMED -Declipse.application=org.eclipse.jdt.ls.core.id1 -Dosgi.bundles.defaultStartLevel=4 -Declipse.product=org.eclipse.jdt.ls.core.product -Djava.import.generatesMetadataFilesAtProjectRoot=false -DDetectVMInstallationsJob.disabled=true -Dfile.encoding=utf8 -XX:+UseParallelGC -XX:GCTimeRatio=4 -XX:AdaptiveSizePolicyWeight=90 -Dsun.zip.disableMemoryMapping=true -Xmx1G -Xms100m -Xlog:disable -javaagent:c:\Users\gipso\.vscode\extensions\redhat.java-1.37.0-win32-x64\lombok\lombok-1.18.34.jar -XX:+HeapDumpOnOutOfMemoryError -XX:HeapDumpPath=c:\Users\gipso\AppData\Roaming\Code\User\workspaceStorage\b642802f492ce5017a0266edc43d445e\redhat.java -Daether.dependencyCollector.impl=bf c:\Users\gipso\.vscode\extensions\redhat.java-1.37.0-win32-x64\server\plugins\org.eclipse.equinox.launcher_1.6.900.v20240613-2009.jar -configuration c:\Users\gipso\AppData\Roaming\Code\User\globalStorage\redhat.java\1.37.0\config_win -data c:\Users\gipso\AppData\Roaming\Code\User\workspaceStorage\b642802f492ce5017a0266edc43d445e\redhat.java\jdt_ws --pipe=\\.\pipe\lsp-e0c6a65033bb98f491af6ed4dd9638db-sock

Host: Intel(R) Core(TM) i5-1035G1 CPU @ 1.00GHz, 8 cores, 7G,  Windows 11 , 64 bit Build 22621 (10.0.22621.4391)
Time: Mon Dec  2 16:57:56 2024 Central Standard Time elapsed time: 21.687778 seconds (0d 0h 0m 21s)

---------------  T H R E A D  ---------------

Current thread (0x00000206d6d36440):  JavaThread "C2 CompilerThread2" daemon [_thread_in_native, id=11036, stack(0x0000003009900000,0x0000003009a00000)]


Current CompileTask:
C2:  21687 9777   !   4       org.eclipse.jdt.internal.core.util.DeduplicationUtil::intern (149 bytes)

Stack: [0x0000003009900000,0x0000003009a00000]
Native frames: (J=compiled Java code, j=interpreted, Vv=VM code, C=native code)
V  [jvm.dll+0x682a19]
V  [jvm.dll+0x839538]
V  [jvm.dll+0x83afe3]
V  [jvm.dll+0x83b653]
V  [jvm.dll+0x24704f]
V  [jvm.dll+0xace34]
V  [jvm.dll+0xad4cc]
V  [jvm.dll+0x36592f]
V  [jvm.dll+0x32fbd8]
V  [jvm.dll+0x32f05a]
V  [jvm.dll+0x21804f]
V  [jvm.dll+0x21748f]
V  [jvm.dll+0x1a3070]
V  [jvm.dll+0x22788c]
V  [jvm.dll+0x2259eb]
V  [jvm.dll+0x7eec98]
V  [jvm.dll+0x7e8ffc]
V  [jvm.dll+0x6818f7]
C  [ucrtbase.dll+0x29333]
C  [KERNEL32.DLL+0x1259d]
C  [ntdll.dll+0x5af38]


---------------  P R O C E S S  ---------------

Threads class SMR info:
_java_thread_list=0x00000206d829d540, length=70, elements={
0x00000206bbbc14c0, 0x00000206cfa46430, 0x00000206cfa494b0, 0x00000206d4b19f30,
0x00000206d4b1a800, 0x00000206d4b1b2d0, 0x00000206d4b1be40, 0x00000206d4b1f3a0,
0x00000206d4b6ed50, 0x00000206d4b91240, 0x00000206d4c64ff0, 0x00000206d4eaea60,
0x00000206d61c06e0, 0x00000206d6392920, 0x00000206d6499840, 0x00000206d6499d20,
0x00000206d6b1a4f0, 0x00000206d6762ab0, 0x00000206d6760230, 0x00000206d675fd20,
0x00000206d6760740, 0x00000206d67634d0, 0x00000206d6c36570, 0x00000206d6d36440,
0x00000206d6760c50, 0x00000206d6761160, 0x00000206d67625a0, 0x00000206d6761b80,
0x00000206d6762090, 0x00000206d7b373e0, 0x00000206d7b3bac0, 0x00000206d7b38820,
0x00000206d7b36ed0, 0x00000206d7b3ab90, 0x00000206d7b3b5b0, 0x00000206d7b35fa0,
0x00000206d7b369c0, 0x00000206d7b3c4e0, 0x00000206d7b378f0, 0x00000206d7b3bfd0,
0x00000206d7b38d30, 0x00000206d7b3c9f0, 0x00000206d7b3a680, 0x00000206d7b35580,
0x00000206d7b3b0a0, 0x00000206d7b35a90, 0x00000206d7b364b0, 0x00000206d7b37e00,
0x00000206d7b39750, 0x00000206d7b39c60, 0x00000206d7b3a170, 0x00000206d6762fc0,
0x00000206da325650, 0x00000206da326070, 0x00000206da3274b0, 0x00000206da3279c0,
0x00000206da326a90, 0x00000206da327ed0, 0x00000206da3283e0, 0x00000206da325140,
0x00000206d79d6b20, 0x00000206d79d3880, 0x00000206d79d7030, 0x00000206d79d1a20,
0x00000206d79d0af0, 0x00000206d79d51d0, 0x00000206d79d00d0, 0x00000206d79d2440,
0x00000206d79d42a0, 0x00000206d79d5bf0
}

Java Threads: ( => current thread )
  0x00000206bbbc14c0 JavaThread "main" [_thread_blocked, id=21432, stack(0x0000003007700000,0x0000003007800000)]
  0x00000206cfa46430 JavaThread "Reference Handler" daemon [_thread_blocked, id=19172, stack(0x0000003007a00000,0x0000003007b00000)]
  0x00000206cfa494b0 JavaThread "Finalizer" daemon [_thread_blocked, id=21436, stack(0x0000003007b00000,0x0000003007c00000)]
  0x00000206d4b19f30 JavaThread "Signal Dispatcher" daemon [_thread_blocked, id=20668, stack(0x0000003007c00000,0x0000003007d00000)]
  0x00000206d4b1a800 JavaThread "Attach Listener" daemon [_thread_blocked, id=2772, stack(0x0000003007d00000,0x0000003007e00000)]
  0x00000206d4b1b2d0 JavaThread "Service Thread" daemon [_thread_blocked, id=19484, stack(0x0000003007e00000,0x0000003007f00000)]
  0x00000206d4b1be40 JavaThread "Monitor Deflation Thread" daemon [_thread_blocked, id=14688, stack(0x0000003007f00000,0x0000003008000000)]
  0x00000206d4b1f3a0 JavaThread "C2 CompilerThread0" daemon [_thread_blocked, id=8732, stack(0x0000003008000000,0x0000003008100000)]
  0x00000206d4b6ed50 JavaThread "C1 CompilerThread0" daemon [_thread_blocked, id=19340, stack(0x0000003008100000,0x0000003008200000)]
  0x00000206d4b91240 JavaThread "Sweeper thread" daemon [_thread_blocked, id=12000, stack(0x0000003008200000,0x0000003008300000)]
  0x00000206d4c64ff0 JavaThread "Common-Cleaner" daemon [_thread_blocked, id=16164, stack(0x0000003008300000,0x0000003008400000)]
  0x00000206d4eaea60 JavaThread "Notification Thread" daemon [_thread_blocked, id=2916, stack(0x0000003008400000,0x0000003008500000)]
  0x00000206d61c06e0 JavaThread "Active Thread: Equinox Container: 04344756-24a1-4500-a9e0-bf290aa4db97" [_thread_blocked, id=11888, stack(0x0000003008d00000,0x0000003008e00000)]
  0x00000206d6392920 JavaThread "Refresh Thread: Equinox Container: 04344756-24a1-4500-a9e0-bf290aa4db97" daemon [_thread_blocked, id=20312, stack(0x0000003008e00000,0x0000003008f00000)]
  0x00000206d6499840 JavaThread "Framework Event Dispatcher: Equinox Container: 04344756-24a1-4500-a9e0-bf290aa4db97" daemon [_thread_blocked, id=11072, stack(0x0000003008f00000,0x0000003009000000)]
  0x00000206d6499d20 JavaThread "Start Level: Equinox Container: 04344756-24a1-4500-a9e0-bf290aa4db97" daemon [_thread_blocked, id=16208, stack(0x0000003009000000,0x0000003009100000)]
  0x00000206d6b1a4f0 JavaThread "Bundle File Closer" daemon [_thread_blocked, id=12916, stack(0x0000003009200000,0x0000003009300000)]
  0x00000206d6762ab0 JavaThread "SCR Component Actor" daemon [_thread_blocked, id=12616, stack(0x0000003009300000,0x0000003009400000)]
  0x00000206d6760230 JavaThread "Worker-JM" [_thread_blocked, id=19928, stack(0x0000003009500000,0x0000003009600000)]
  0x00000206d675fd20 JavaThread "JNA Cleaner" daemon [_thread_blocked, id=11260, stack(0x0000003008c00000,0x0000003008d00000)]
  0x00000206d6760740 
[error occurred during error reporting (printing all threads), id 0xc0000005, EXCEPTION_ACCESS_VIOLATION (0xc0000005) at pc=0x00007ffa4641baed]

VM state: at safepoint (normal execution)

VM Mutex/Monitor currently owned by a thread:  ([mutex/lock_event])
[0x00000206bbbbe610] Threads_lock - owner thread: 0x00000206d4af14b0
[0x00000206bbbbde30] Heap_lock - owner thread: 0x00000206d79d00d0

Heap address: 0x00000000c0000000, size: 1024 MB, Compressed Oops mode: 32-bit

CDS archive(s) not mapped
Compressed class space mapped at: 0x0000000100000000-0x0000000140000000, reserved size: 1073741824
Narrow klass base: 0x0000000000000000, Narrow klass shift: 3, Narrow klass range: 0x140000000

GC Precious Log:
 CPUs: 8 total, 8 available
 Memory: 7778M
 Large Page Support: Disabled
 NUMA Support: Disabled
 Compressed Oops: Enabled (32-bit)
 Alignments: Space 512K, Generation 512K, Heap 2M
 Heap Min Capacity: 100M
 Heap Initial Capacity: 100M
 Heap Max Capacity: 1G
 Pre-touch: Disabled
 Parallel Workers: 8

Heap:
 PSYoungGen      total 22528K, used 22518K [0x00000000eab00000, 0x00000000eca00000, 0x0000000100000000)
  eden space 16896K, 100% used [0x00000000eab00000,0x00000000ebb80000,0x00000000ebb80000)
  from space 5632K, 99% used [0x00000000ec480000,0x00000000ec9fdbc8,0x00000000eca00000)
  to   space 6656K, 0% used [0x00000000ebd00000,0x00000000ebd00000,0x00000000ec380000)
 ParOldGen       total 224256K, used 223651K [0x00000000c0000000, 0x00000000cdb00000, 0x00000000eab00000)
  object space 224256K, 99% used [0x00000000c0000000,0x00000000cda68f00,0x00000000cdb00000)
 Metaspace       used 70541K, committed 71744K, reserved 1114112K
  class space    used 7444K, committed 8000K, reserved 1048576K

Card table byte_map: [0x00000206bb580000,0x00000206bb790000] _byte_map_base: 0x00000206baf80000

Marking Bits: (ParMarkBitMap*) 0x00007ffa46c36940
 Begin Bits: [0x00000206cd850000, 0x00000206ce850000)
 End Bits:   [0x00000206ce850000, 0x00000206cf850000)

Polling page: 0x00000206bb370000

Metaspace:

Usage:
  Non-class:     61.62 MB used.
      Class:      7.27 MB used.
       Both:     68.89 MB used.

Virtual space:
  Non-class space:       64.00 MB reserved,      62.25 MB ( 97%) committed,  1 nodes.
      Class space:        1.00 GB reserved,       7.81 MB ( <1%) committed,  1 nodes.
             Both:        1.06 GB reserved,      70.06 MB (  6%) committed. 

Chunk freelists:
   Non-Class:  1.55 MB
       Class:  8.14 MB
        Both:  9.69 MB

MaxMetaspaceSize: unlimited
CompressedClassSpaceSize: 1.00 GB
Initial GC threshold: 21.00 MB
Current GC threshold: 112.94 MB
CDS: off
MetaspaceReclaimPolicy: balanced
 - commit_granule_bytes: 65536.
 - commit_granule_words: 8192.
 - virtual_space_node_default_size: 8388608.
 - enlarge_chunks_in_place: 1.
 - new_chunks_are_fully_committed: 0.
 - uncommit_free_chunks: 1.
 - use_allocation_guard: 0.
 - handle_deallocations: 1.


Internal statistics:

num_allocs_failed_limit: 9.
num_arena_births: 902.
num_arena_deaths: 20.
num_vsnodes_births: 2.
num_vsnodes_deaths: 0.
num_space_committed: 1121.
num_space_uncommitted: 0.
num_chunks_returned_to_freelist: 32.
num_chunks_taken_from_freelist: 3937.
num_chunk_merges: 13.
num_chunk_splits: 2354.
num_chunks_enlarged: 1282.
num_inconsistent_stats: 0.

CodeHeap 'non-profiled nmethods': size=120000Kb used=5775Kb max_used=6133Kb free=114225Kb
 bounds [0x00000206c6320000, 0x00000206c6920000, 0x00000206cd850000]
CodeHeap 'profiled nmethods': size=120000Kb used=17714Kb max_used=17924Kb free=102285Kb
 bounds [0x00000206be850000, 0x00000206bf9f0000, 0x00000206c5d80000]
CodeHeap 'non-nmethods': size=5760Kb used=1406Kb max_used=1459Kb free=4353Kb
 bounds [0x00000206c5d80000, 0x00000206c5ff0000, 0x00000206c6320000]
 total_blobs=9006 nmethods=8282 adapters=636
 compilation: enabled
              stopped_count=0, restarted_count=0
 full_count=0

Compilation events (20 events):
Event: 21.594 Thread 0x00000206d4b6ed50 nmethod 9877 0x00000206bf9af190 code [0x00000206bf9af340, 0x00000206bf9af568]
Event: 21.595 Thread 0x00000206d4b6ed50 9878       2       java.util.Properties::entrySet (19 bytes)
Event: 21.596 Thread 0x00000206d4b6ed50 nmethod 9878 0x00000206bf9af710 code [0x00000206bf9af8c0, 0x00000206bf9afb08]
Event: 21.596 Thread 0x00000206d4b6ed50 9879       2       java.util.Properties$EntrySet::<init> (10 bytes)
Event: 21.596 Thread 0x00000206d4b6ed50 nmethod 9879 0x00000206bf9afc90 code [0x00000206bf9afe20, 0x00000206bf9aff38]
Event: 21.599 Thread 0x00000206d4b1f3a0 nmethod 9857 0x00000206c691bf90 code [0x00000206c691c160, 0x00000206c691ca68]
Event: 21.599 Thread 0x00000206d4b1f3a0 9872       4       com.google.gson.internal.bind.ArrayTypeAdapter::read (133 bytes)
Event: 21.599 Thread 0x00000206d4b6ed50 9881       1       org.eclipse.jdt.launching.AbstractVMInstall::getInstallLocation (5 bytes)
Event: 21.599 Thread 0x00000206d4b6ed50 nmethod 9881 0x00000206c691cf10 code [0x00000206c691d0a0, 0x00000206c691d178]
Event: 21.602 Thread 0x00000206d4b6ed50 9882       1       org.eclipse.jdt.internal.launching.RuntimeClasspathEntry::getType (5 bytes)
Event: 21.602 Thread 0x00000206d4b6ed50 nmethod 9882 0x00000206c691d210 code [0x00000206c691d3a0, 0x00000206c691d478]
Event: 21.604 Thread 0x00000206d4b6ed50 9883       2       org.eclipse.jdt.internal.compiler.ast.CompilationUnitDeclaration::getFileName (8 bytes)
Event: 21.604 Thread 0x00000206d4b6ed50 nmethod 9883 0x00000206bf9b0010 code [0x00000206bf9b01a0, 0x00000206bf9b02b8]
Event: 21.607 Thread 0x00000206d4b6ed50 9884       2       org.eclipse.jdt.internal.compiler.parser.Scanner::unicodeStore (69 bytes)
Event: 21.608 Thread 0x00000206d4b6ed50 nmethod 9884 0x00000206bf9b0390 code [0x00000206bf9b0540, 0x00000206bf9b08a8]
Event: 21.608 Thread 0x00000206d4b6ed50 9885       3       org.eclipse.jdt.internal.compiler.classfmt.MethodInfo::getExceptionTypeNames (16 bytes)
Event: 21.608 Thread 0x00000206d4b6ed50 nmethod 9885 0x00000206bf9b0a10 code [0x00000206bf9b0bc0, 0x00000206bf9b0d48]
Event: 21.608 Thread 0x00000206d4b6ed50 9886       3       org.eclipse.jdt.internal.compiler.parser.Parser::consumeRule (7871 bytes)
Event: 21.656 Thread 0x00000206d4b6ed50 nmethod 9886 0x00000206bf9b0e10 code [0x00000206bf9b5960, 0x00000206bf9e7e58]
Event: 21.656 Thread 0x00000206d4b6ed50 9894       3       org.eclipse.jdt.internal.compiler.lookup.BinaryTypeBinding::createMethod (1724 bytes)

GC Heap History (20 events):
Event: 19.706 GC heap after
{Heap after GC invocations=61 (full 5):
 PSYoungGen      total 36864K, used 9650K [0x00000000eab00000, 0x00000000edf80000, 0x0000000100000000)
  eden space 27136K, 0% used [0x00000000eab00000,0x00000000eab00000,0x00000000ec580000)
  from space 9728K, 99% used [0x00000000ed600000,0x00000000edf6c818,0x00000000edf80000)
  to   space 12288K, 0% used [0x00000000ec780000,0x00000000ec780000,0x00000000ed380000)
 ParOldGen       total 170496K, used 154655K [0x00000000c0000000, 0x00000000ca680000, 0x00000000eab00000)
  object space 170496K, 90% used [0x00000000c0000000,0x00000000c9707ce8,0x00000000ca680000)
 Metaspace       used 67022K, committed 68224K, reserved 1114112K
  class space    used 7040K, committed 7552K, reserved 1048576K
}
Event: 20.030 GC heap before
{Heap before GC invocations=62 (full 5):
 PSYoungGen      total 36864K, used 36786K [0x00000000eab00000, 0x00000000edf80000, 0x0000000100000000)
  eden space 27136K, 100% used [0x00000000eab00000,0x00000000ec580000,0x00000000ec580000)
  from space 9728K, 99% used [0x00000000ed600000,0x00000000edf6c818,0x00000000edf80000)
  to   space 12288K, 0% used [0x00000000ec780000,0x00000000ec780000,0x00000000ed380000)
 ParOldGen       total 170496K, used 154655K [0x00000000c0000000, 0x00000000ca680000, 0x00000000eab00000)
  object space 170496K, 90% used [0x00000000c0000000,0x00000000c9707ce8,0x00000000ca680000)
 Metaspace       used 67556K, committed 68800K, reserved 1114112K
  class space    used 7130K, committed 7680K, reserved 1048576K
}
Event: 20.044 GC heap after
{Heap after GC invocations=62 (full 5):
 PSYoungGen      total 39424K, used 12278K [0x00000000eab00000, 0x00000000ee980000, 0x0000000100000000)
  eden space 27136K, 0% used [0x00000000eab00000,0x00000000eab00000,0x00000000ec580000)
  from space 12288K, 99% used [0x00000000ec780000,0x00000000ed37dbb8,0x00000000ed380000)
  to   space 18432K, 0% used [0x00000000ed780000,0x00000000ed780000,0x00000000ee980000)
 ParOldGen       total 170496K, used 159051K [0x00000000c0000000, 0x00000000ca680000, 0x00000000eab00000)
  object space 170496K, 93% used [0x00000000c0000000,0x00000000c9b52f48,0x00000000ca680000)
 Metaspace       used 67556K, committed 68800K, reserved 1114112K
  class space    used 7130K, committed 7680K, reserved 1048576K
}
Event: 20.203 GC heap before
{Heap before GC invocations=63 (full 5):
 PSYoungGen      total 39424K, used 39414K [0x00000000eab00000, 0x00000000ee980000, 0x0000000100000000)
  eden space 27136K, 100% used [0x00000000eab00000,0x00000000ec580000,0x00000000ec580000)
  from space 12288K, 99% used [0x00000000ec780000,0x00000000ed37dbb8,0x00000000ed380000)
  to   space 18432K, 0% used [0x00000000ed780000,0x00000000ed780000,0x00000000ee980000)
 ParOldGen       total 170496K, used 159051K [0x00000000c0000000, 0x00000000ca680000, 0x00000000eab00000)
  object space 170496K, 93% used [0x00000000c0000000,0x00000000c9b52f48,0x00000000ca680000)
 Metaspace       used 67702K, committed 68992K, reserved 1114112K
  class space    used 7132K, committed 7680K, reserved 1048576K
}
Event: 20.213 GC heap after
{Heap after GC invocations=63 (full 5):
 PSYoungGen      total 36864K, used 9227K [0x00000000eab00000, 0x00000000ee100000, 0x0000000100000000)
  eden space 27136K, 0% used [0x00000000eab00000,0x00000000eab00000,0x00000000ec580000)
  from space 9728K, 94% used [0x00000000ed780000,0x00000000ee082f80,0x00000000ee100000)
  to   space 12288K, 0% used [0x00000000ec900000,0x00000000ec900000,0x00000000ed500000)
 ParOldGen       total 170496K, used 167493K [0x00000000c0000000, 0x00000000ca680000, 0x00000000eab00000)
  object space 170496K, 98% used [0x00000000c0000000,0x00000000ca3915f8,0x00000000ca680000)
 Metaspace       used 67702K, committed 68992K, reserved 1114112K
  class space    used 7132K, committed 7680K, reserved 1048576K
}
Event: 20.321 GC heap before
{Heap before GC invocations=64 (full 6):
 PSYoungGen      total 36864K, used 36363K [0x00000000eab00000, 0x00000000ee100000, 0x0000000100000000)
  eden space 27136K, 100% used [0x00000000eab00000,0x00000000ec580000,0x00000000ec580000)
  from space 9728K, 94% used [0x00000000ed780000,0x00000000ee082f80,0x00000000ee100000)
  to   space 12288K, 0% used [0x00000000ec900000,0x00000000ec900000,0x00000000ed500000)
 ParOldGen       total 170496K, used 167493K [0x00000000c0000000, 0x00000000ca680000, 0x00000000eab00000)
  object space 170496K, 98% used [0x00000000c0000000,0x00000000ca3915f8,0x00000000ca680000)
 Metaspace       used 68151K, committed 69376K, reserved 1114112K
  class space    used 7199K, committed 7744K, reserved 1048576K
}
Event: 20.542 GC heap after
{Heap after GC invocations=64 (full 6):
 PSYoungGen      total 33280K, used 5348K [0x00000000eab00000, 0x00000000edd80000, 0x0000000100000000)
  eden space 27136K, 0% used [0x00000000eab00000,0x00000000eab00000,0x00000000ec580000)
  from space 6144K, 87% used [0x00000000ed780000,0x00000000edcb90f0,0x00000000edd80000)
  to   space 12288K, 0% used [0x00000000ec580000,0x00000000ec580000,0x00000000ed180000)
 ParOldGen       total 224256K, used 170028K [0x00000000c0000000, 0x00000000cdb00000, 0x00000000eab00000)
  object space 224256K, 75% used [0x00000000c0000000,0x00000000ca60b3b0,0x00000000cdb00000)
 Metaspace       used 68146K, committed 69376K, reserved 1114112K
  class space    used 7197K, committed 7744K, reserved 1048576K
}
Event: 20.839 GC heap before
{Heap before GC invocations=65 (full 6):
 PSYoungGen      total 33280K, used 32484K [0x00000000eab00000, 0x00000000edd80000, 0x0000000100000000)
  eden space 27136K, 100% used [0x00000000eab00000,0x00000000ec580000,0x00000000ec580000)
  from space 6144K, 87% used [0x00000000ed780000,0x00000000edcb90f0,0x00000000edd80000)
  to   space 12288K, 0% used [0x00000000ec580000,0x00000000ec580000,0x00000000ed180000)
 ParOldGen       total 224256K, used 170028K [0x00000000c0000000, 0x00000000cdb00000, 0x00000000eab00000)
  object space 224256K, 75% used [0x00000000c0000000,0x00000000ca60b3b0,0x00000000cdb00000)
 Metaspace       used 69583K, committed 70784K, reserved 1114112K
  class space    used 7329K, committed 7872K, reserved 1048576K
}
Event: 20.871 GC heap after
{Heap after GC invocations=65 (full 6):
 PSYoungGen      total 36864K, used 9692K [0x00000000eab00000, 0x00000000ed980000, 0x0000000100000000)
  eden space 27136K, 0% used [0x00000000eab00000,0x00000000eab00000,0x00000000ec580000)
  from space 9728K, 99% used [0x00000000ec580000,0x00000000ecef70c8,0x00000000ecf00000)
  to   space 10240K, 0% used [0x00000000ecf80000,0x00000000ecf80000,0x00000000ed980000)
 ParOldGen       total 224256K, used 170036K [0x00000000c0000000, 0x00000000cdb00000, 0x00000000eab00000)
  object space 224256K, 75% used [0x00000000c0000000,0x00000000ca60d3b0,0x00000000cdb00000)
 Metaspace       used 69583K, committed 70784K, reserved 1114112K
  class space    used 7329K, committed 7872K, reserved 1048576K
}
Event: 21.015 GC heap before
{Heap before GC invocations=66 (full 6):
 PSYoungGen      total 36864K, used 36828K [0x00000000eab00000, 0x00000000ed980000, 0x0000000100000000)
  eden space 27136K, 100% used [0x00000000eab00000,0x00000000ec580000,0x00000000ec580000)
  from space 9728K, 99% used [0x00000000ec580000,0x00000000ecef70c8,0x00000000ecf00000)
  to   space 10240K, 0% used [0x00000000ecf80000,0x00000000ecf80000,0x00000000ed980000)
 ParOldGen       total 224256K, used 170036K [0x00000000c0000000, 0x00000000cdb00000, 0x00000000eab00000)
  object space 224256K, 75% used [0x00000000c0000000,0x00000000ca60d3b0,0x00000000cdb00000)
 Metaspace       used 69808K, committed 71040K, reserved 1114112K
  class space    used 7358K, committed 7936K, reserved 1048576K
}
Event: 21.027 GC heap after
{Heap after GC invocations=66 (full 6):
 PSYoungGen      total 32256K, used 10239K [0x00000000eab00000, 0x00000000ee380000, 0x0000000100000000)
  eden space 22016K, 0% used [0x00000000eab00000,0x00000000eab00000,0x00000000ec080000)
  from space 10240K, 99% used [0x00000000ecf80000,0x00000000ed97fd00,0x00000000ed980000)
  to   space 15360K, 0% used [0x00000000ec080000,0x00000000ec080000,0x00000000ecf80000)
 ParOldGen       total 224256K, used 174165K [0x00000000c0000000, 0x00000000cdb00000, 0x00000000eab00000)
  object space 224256K, 77% used [0x00000000c0000000,0x00000000caa156a8,0x00000000cdb00000)
 Metaspace       used 69808K, committed 71040K, reserved 1114112K
  class space    used 7358K, committed 7936K, reserved 1048576K
}
Event: 21.158 GC heap before
{Heap before GC invocations=67 (full 6):
 PSYoungGen      total 32256K, used 32255K [0x00000000eab00000, 0x00000000ee380000, 0x0000000100000000)
  eden space 22016K, 100% used [0x00000000eab00000,0x00000000ec080000,0x00000000ec080000)
  from space 10240K, 99% used [0x00000000ecf80000,0x00000000ed97fd00,0x00000000ed980000)
  to   space 15360K, 0% used [0x00000000ec080000,0x00000000ec080000,0x00000000ecf80000)
 ParOldGen       total 224256K, used 174165K [0x00000000c0000000, 0x00000000cdb00000, 0x00000000eab00000)
  object space 224256K, 77% used [0x00000000c0000000,0x00000000caa156a8,0x00000000cdb00000)
 Metaspace       used 70108K, committed 71296K, reserved 1114112K
  class space    used 7391K, committed 7936K, reserved 1048576K
}
Event: 21.168 GC heap after
{Heap after GC invocations=67 (full 6):
 PSYoungGen      total 31744K, used 9284K [0x00000000eab00000, 0x00000000ed680000, 0x0000000100000000)
  eden space 22016K, 0% used [0x00000000eab00000,0x00000000eab00000,0x00000000ec080000)
  from space 9728K, 95% used [0x00000000ec080000,0x00000000ec991108,0x00000000eca00000)
  to   space 11264K, 0% used [0x00000000ecb80000,0x00000000ecb80000,0x00000000ed680000)
 ParOldGen       total 224256K, used 177367K [0x00000000c0000000, 0x00000000cdb00000, 0x00000000eab00000)
  object space 224256K, 79% used [0x00000000c0000000,0x00000000cad35ee8,0x00000000cdb00000)
 Metaspace       used 70108K, committed 71296K, reserved 1114112K
  class space    used 7391K, committed 7936K, reserved 1048576K
}
Event: 21.377 GC heap before
{Heap before GC invocations=68 (full 6):
 PSYoungGen      total 31744K, used 29868K [0x00000000eab00000, 0x00000000ed680000, 0x0000000100000000)
  eden space 22016K, 93% used [0x00000000eab00000,0x00000000ebf1a1f8,0x00000000ec080000)
  from space 9728K, 95% used [0x00000000ec080000,0x00000000ec991108,0x00000000eca00000)
  to   space 11264K, 0% used [0x00000000ecb80000,0x00000000ecb80000,0x00000000ed680000)
 ParOldGen       total 224256K, used 177367K [0x00000000c0000000, 0x00000000cdb00000, 0x00000000eab00000)
  object space 224256K, 79% used [0x00000000c0000000,0x00000000cad35ee8,0x00000000cdb00000)
 Metaspace       used 70308K, committed 71552K, reserved 1114112K
  class space    used 7415K, committed 8000K, reserved 1048576K
}
Event: 21.387 GC heap after
{Heap after GC invocations=68 (full 6):
 PSYoungGen      total 28160K, used 11253K [0x00000000eab00000, 0x00000000ee080000, 0x0000000100000000)
  eden space 16896K, 0% used [0x00000000eab00000,0x00000000eab00000,0x00000000ebb80000)
  from space 11264K, 99% used [0x00000000ecb80000,0x00000000ed67d750,0x00000000ed680000)
  to   space 16384K, 0% used [0x00000000ebb80000,0x00000000ebb80000,0x00000000ecb80000)
 ParOldGen       total 224256K, used 181214K [0x00000000c0000000, 0x00000000cdb00000, 0x00000000eab00000)
  object space 224256K, 80% used [0x00000000c0000000,0x00000000cb0f78c0,0x00000000cdb00000)
 Metaspace       used 70308K, committed 71552K, reserved 1114112K
  class space    used 7415K, committed 8000K, reserved 1048576K
}
Event: 21.518 GC heap before
{Heap before GC invocations=69 (full 6):
 PSYoungGen      total 28160K, used 28149K [0x00000000eab00000, 0x00000000ee080000, 0x0000000100000000)
  eden space 16896K, 100% used [0x00000000eab00000,0x00000000ebb80000,0x00000000ebb80000)
  from space 11264K, 99% used [0x00000000ecb80000,0x00000000ed67d750,0x00000000ed680000)
  to   space 16384K, 0% used [0x00000000ebb80000,0x00000000ebb80000,0x00000000ecb80000)
 ParOldGen       total 224256K, used 207543K [0x00000000c0000000, 0x00000000cdb00000, 0x00000000eab00000)
  object space 224256K, 92% used [0x00000000c0000000,0x00000000ccaade70,0x00000000cdb00000)
 Metaspace       used 70408K, committed 71616K, reserved 1114112K
  class space    used 7428K, committed 8000K, reserved 1048576K
}
Event: 21.526 GC heap after
{Heap after GC invocations=69 (full 6):
 PSYoungGen      total 20480K, used 3156K [0x00000000eab00000, 0x00000000ecc00000, 0x0000000100000000)
  eden space 16896K, 0% used [0x00000000eab00000,0x00000000eab00000,0x00000000ebb80000)
  from space 3584K, 88% used [0x00000000ebb80000,0x00000000ebe951f8,0x00000000ebf00000)
  to   space 7680K, 0% used [0x00000000ec480000,0x00000000ec480000,0x00000000ecc00000)
 ParOldGen       total 224256K, used 212634K [0x00000000c0000000, 0x00000000cdb00000, 0x00000000eab00000)
  object space 224256K, 94% used [0x00000000c0000000,0x00000000ccfa6960,0x00000000cdb00000)
 Metaspace       used 70408K, committed 71616K, reserved 1114112K
  class space    used 7428K, committed 8000K, reserved 1048576K
}
Event: 21.566 GC heap before
{Heap before GC invocations=70 (full 6):
 PSYoungGen      total 20480K, used 20052K [0x00000000eab00000, 0x00000000ecc00000, 0x0000000100000000)
  eden space 16896K, 100% used [0x00000000eab00000,0x00000000ebb80000,0x00000000ebb80000)
  from space 3584K, 88% used [0x00000000ebb80000,0x00000000ebe951f8,0x00000000ebf00000)
  to   space 7680K, 0% used [0x00000000ec480000,0x00000000ec480000,0x00000000ecc00000)
 ParOldGen       total 224256K, used 212634K [0x00000000c0000000, 0x00000000cdb00000, 0x00000000eab00000)
  object space 224256K, 94% used [0x00000000c0000000,0x00000000ccfa6960,0x00000000cdb00000)
 Metaspace       used 70490K, committed 71680K, reserved 1114112K
  class space    used 7439K, committed 8000K, reserved 1048576K
}
Event: 21.580 GC heap after
{Heap after GC invocations=70 (full 6):
 PSYoungGen      total 22528K, used 5622K [0x00000000eab00000, 0x00000000eca00000, 0x0000000100000000)
  eden space 16896K, 0% used [0x00000000eab00000,0x00000000eab00000,0x00000000ebb80000)
  from space 5632K, 99% used [0x00000000ec480000,0x00000000ec9fdbc8,0x00000000eca00000)
  to   space 6656K, 0% used [0x00000000ebd00000,0x00000000ebd00000,0x00000000ec380000)
 ParOldGen       total 224256K, used 223651K [0x00000000c0000000, 0x00000000cdb00000, 0x00000000eab00000)
  object space 224256K, 99% used [0x00000000c0000000,0x00000000cda68f00,0x00000000cdb00000)
 Metaspace       used 70490K, committed 71680K, reserved 1114112K
  class space    used 7439K, committed 8000K, reserved 1048576K
}
Event: 21.666 GC heap before
{Heap before GC invocations=71 (full 7):
 PSYoungGen      total 22528K, used 22518K [0x00000000eab00000, 0x00000000eca00000, 0x0000000100000000)
  eden space 16896K, 100% used [0x00000000eab00000,0x00000000ebb80000,0x00000000ebb80000)
  from space 5632K, 99% used [0x00000000ec480000,0x00000000ec9fdbc8,0x00000000eca00000)
  to   space 6656K, 0% used [0x00000000ebd00000,0x00000000ebd00000,0x00000000ec380000)
 ParOldGen       total 224256K, used 223651K [0x00000000c0000000, 0x00000000cdb00000, 0x00000000eab00000)
  object space 224256K, 99% used [0x00000000c0000000,0x00000000cda68f00,0x00000000cdb00000)
 Metaspace       used 70541K, committed 71744K, reserved 1114112K
  class space    used 7444K, committed 8000K, reserved 1048576K
}

Dll operation events (10 events):
Event: 0.027 Loaded shared library c:\Users\gipso\.vscode\extensions\redhat.java-1.37.0-win32-x64\jre\17.0.13-win32-x86_64\bin\java.dll
Event: 0.359 Loaded shared library c:\Users\gipso\.vscode\extensions\redhat.java-1.37.0-win32-x64\jre\17.0.13-win32-x86_64\bin\zip.dll
Event: 0.365 Loaded shared library C:\Users\gipso\.vscode\extensions\redhat.java-1.37.0-win32-x64\jre\17.0.13-win32-x86_64\bin\instrument.dll
Event: 0.399 Loaded shared library C:\Users\gipso\.vscode\extensions\redhat.java-1.37.0-win32-x64\jre\17.0.13-win32-x86_64\bin\net.dll
Event: 0.407 Loaded shared library C:\Users\gipso\.vscode\extensions\redhat.java-1.37.0-win32-x64\jre\17.0.13-win32-x86_64\bin\nio.dll
Event: 0.426 Loaded shared library C:\Users\gipso\.vscode\extensions\redhat.java-1.37.0-win32-x64\jre\17.0.13-win32-x86_64\bin\zip.dll
Event: 0.494 Loaded shared library C:\Users\gipso\.vscode\extensions\redhat.java-1.37.0-win32-x64\jre\17.0.13-win32-x86_64\bin\jimage.dll
Event: 0.710 Loaded shared library c:\Users\gipso\.vscode\extensions\redhat.java-1.37.0-win32-x64\jre\17.0.13-win32-x86_64\bin\verify.dll
Event: 3.445 Loaded shared library C:\Users\gipso\AppData\Roaming\Code\User\globalStorage\redhat.java\1.37.0\config_win\org.eclipse.equinox.launcher\org.eclipse.equinox.launcher.win32.win32.x86_64_1.2.1100.v20240722-2106\eclipse_11904.dll
Event: 5.912 Loaded shared library C:\Users\gipso\AppData\Local\Temp\jna-98362026\jna4932251356773349100.dll

Deoptimization events (20 events):
Event: 21.608 Thread 0x00000206d79d00d0 DEOPT PACKING pc=0x00000206c6890ed0 sp=0x000000300c3fdf50
Event: 21.608 Thread 0x00000206d79d00d0 DEOPT UNPACKING pc=0x00000206c5dd9ea3 sp=0x000000300c3fdf28 mode 2
Event: 21.608 Thread 0x00000206d79d00d0 Uncommon trap: trap_request=0xffffffc6 fr.pc=0x00000206c6890ed0 relative=0x00000000000010f0
Event: 21.608 Thread 0x00000206d79d00d0 Uncommon trap: reason=bimorphic_or_optimized_type_check action=maybe_recompile pc=0x00000206c6890ed0 method=org.eclipse.jdt.internal.compiler.parser.Parser.consumeToken(I)V @ 1838 c2
Event: 21.608 Thread 0x00000206d79d00d0 DEOPT PACKING pc=0x00000206c6890ed0 sp=0x000000300c3fdf50
Event: 21.608 Thread 0x00000206d79d00d0 DEOPT UNPACKING pc=0x00000206c5dd9ea3 sp=0x000000300c3fdf28 mode 2
Event: 21.610 Thread 0x00000206d79d00d0 Uncommon trap: trap_request=0xffffffc6 fr.pc=0x00000206c67940a8 relative=0x0000000000001808
Event: 21.610 Thread 0x00000206d79d00d0 Uncommon trap: reason=bimorphic_or_optimized_type_check action=maybe_recompile pc=0x00000206c67940a8 method=org.eclipse.jdt.internal.compiler.parser.Scanner.disambiguatedToken(ILorg/eclipse/jdt/internal/compiler/parser/Scanner;)I @ 49 c2
Event: 21.611 Thread 0x00000206d79d00d0 DEOPT PACKING pc=0x00000206c67940a8 sp=0x000000300c3fdf50
Event: 21.611 Thread 0x00000206d79d00d0 DEOPT UNPACKING pc=0x00000206c5dd9ea3 sp=0x000000300c3fdec0 mode 2
Event: 21.642 Thread 0x00000206d6760740 DEOPT PACKING pc=0x00000206bf6d8c6c sp=0x00000030096fe680
Event: 21.642 Thread 0x00000206d6760740 DEOPT UNPACKING pc=0x00000206c5dda9e3 sp=0x00000030096fdb50 mode 0
Event: 21.643 Thread 0x00000206d6760740 Uncommon trap: trap_request=0xffffffc6 fr.pc=0x00000206c67940a8 relative=0x0000000000001808
Event: 21.643 Thread 0x00000206d6760740 Uncommon trap: reason=bimorphic_or_optimized_type_check action=maybe_recompile pc=0x00000206c67940a8 method=org.eclipse.jdt.internal.compiler.parser.Scanner.disambiguatedToken(ILorg/eclipse/jdt/internal/compiler/parser/Scanner;)I @ 49 c2
Event: 21.643 Thread 0x00000206d6760740 DEOPT PACKING pc=0x00000206c67940a8 sp=0x00000030096fe8d0
Event: 21.643 Thread 0x00000206d6760740 DEOPT UNPACKING pc=0x00000206c5dd9ea3 sp=0x00000030096fe840 mode 2
Event: 21.647 Thread 0x00000206d6760740 Uncommon trap: trap_request=0xffffff45 fr.pc=0x00000206c66cb340 relative=0x0000000000000ac0
Event: 21.648 Thread 0x00000206d6760740 Uncommon trap: reason=unstable_if action=reinterpret pc=0x00000206c66cb340 method=org.eclipse.jdt.internal.compiler.classfmt.FieldInfo.getName()[C @ 4 c2
Event: 21.648 Thread 0x00000206d6760740 DEOPT PACKING pc=0x00000206c66cb340 sp=0x00000030096fe180
Event: 21.648 Thread 0x00000206d6760740 DEOPT UNPACKING pc=0x00000206c5dd9ea3 sp=0x00000030096fe160 mode 2

Classes loaded (20 events):
Event: 21.184 Loading class com/sun/crypto/provider/ElectronicCodeBook
Event: 21.184 Loading class com/sun/crypto/provider/FeedbackCipher
Event: 21.184 Loading class com/sun/crypto/provider/FeedbackCipher done
Event: 21.184 Loading class com/sun/crypto/provider/ElectronicCodeBook done
Event: 21.184 Loading class com/sun/crypto/provider/PKCS5Padding
Event: 21.184 Loading class com/sun/crypto/provider/Padding
Event: 21.184 Loading class com/sun/crypto/provider/Padding done
Event: 21.184 Loading class com/sun/crypto/provider/PKCS5Padding done
Event: 21.185 Loading class com/sun/crypto/provider/CipherBlockChaining
Event: 21.185 Loading class com/sun/crypto/provider/CipherBlockChaining done
Event: 21.185 Loading class javax/crypto/NullCipher
Event: 21.186 Loading class javax/crypto/NullCipher done
Event: 21.186 Loading class sun/security/util/ArrayUtil
Event: 21.186 Loading class sun/security/util/ArrayUtil done
Event: 21.340 Loading class java/util/zip/CheckedInputStream
Event: 21.340 Loading class java/util/zip/CheckedInputStream done
Event: 21.367 Loading class java/lang/invoke/MethodHandleImpl$CountingWrapper$1
Event: 21.368 Loading class java/lang/invoke/MethodHandleImpl$CountingWrapper$1 done
Event: 21.499 Loading class java/util/zip/GZIPInputStream$1
Event: 21.500 Loading class java/util/zip/GZIPInputStream$1 done

Classes unloaded (10 events):
Event: 7.848 Thread 0x00000206d4af14b0 Unloading class 0x0000000100252000 'java/lang/invoke/LambdaForm$MH+0x0000000100252000'
Event: 7.848 Thread 0x00000206d4af14b0 Unloading class 0x0000000100251c00 'java/lang/invoke/LambdaForm$MH+0x0000000100251c00'
Event: 7.848 Thread 0x00000206d4af14b0 Unloading class 0x0000000100251800 'java/lang/invoke/LambdaForm$MH+0x0000000100251800'
Event: 7.848 Thread 0x00000206d4af14b0 Unloading class 0x0000000100251400 'java/lang/invoke/LambdaForm$MH+0x0000000100251400'
Event: 7.848 Thread 0x00000206d4af14b0 Unloading class 0x0000000100251000 'java/lang/invoke/LambdaForm$BMH+0x0000000100251000'
Event: 7.848 Thread 0x00000206d4af14b0 Unloading class 0x0000000100250c00 'java/lang/invoke/LambdaForm$DMH+0x0000000100250c00'
Event: 7.848 Thread 0x00000206d4af14b0 Unloading class 0x000000010024c400 'java/lang/invoke/LambdaForm$DMH+0x000000010024c400'
Event: 20.361 Thread 0x00000206d4af14b0 Unloading class 0x0000000100721400 'java/lang/invoke/LambdaForm$MH+0x0000000100721400'
Event: 20.361 Thread 0x00000206d4af14b0 Unloading class 0x0000000100720800 'java/lang/invoke/LambdaForm$DMH+0x0000000100720800'
Event: 20.361 Thread 0x00000206d4af14b0 Unloading class 0x0000000100720c00 'java/lang/invoke/LambdaForm$DMH+0x0000000100720c00'

Classes redefined (0 events):
No events

Internal exceptions (20 events):
Event: 20.973 Thread 0x00000206d79d7030 Exception <a 'sun/nio/fs/WindowsException'{0x00000000ebe20bf8}> (0x00000000ebe20bf8) 
thrown [s\src\hotspot\share\prims\jni.cpp, line 516]
Event: 21.119 Thread 0x00000206d79d5bf0 Exception <a 'sun/nio/fs/WindowsException'{0x00000000eba4f240}> (0x00000000eba4f240) 
thrown [s\src\hotspot\share\prims\jni.cpp, line 516]
Event: 21.360 Thread 0x00000206d79d00d0 Exception <a 'java/lang/IncompatibleClassChangeError'{0x00000000eba45fc0}: Found class java.lang.Object, but interface was expected> (0x00000000eba45fc0) 
thrown [s\src\hotspot\share\interpreter\linkResolver.cpp, line 826]
Event: 21.452 Thread 0x00000206d7b3c4e0 Exception <a 'sun/nio/fs/WindowsException'{0x00000000eb4b2a88}> (0x00000000eb4b2a88) 
thrown [s\src\hotspot\share\prims\jni.cpp, line 516]
Event: 21.452 Thread 0x00000206d7b3c4e0 Exception <a 'sun/nio/fs/WindowsException'{0x00000000eb4b30c0}> (0x00000000eb4b30c0) 
thrown [s\src\hotspot\share\prims\jni.cpp, line 516]
Event: 21.453 Thread 0x00000206d7b3c4e0 Exception <a 'sun/nio/fs/WindowsException'{0x00000000eb4b3df8}> (0x00000000eb4b3df8) 
thrown [s\src\hotspot\share\prims\jni.cpp, line 516]
Event: 21.454 Thread 0x00000206d7b3c4e0 Exception <a 'sun/nio/fs/WindowsException'{0x00000000eb4b4430}> (0x00000000eb4b4430) 
thrown [s\src\hotspot\share\prims\jni.cpp, line 516]
Event: 21.455 Thread 0x00000206d7b3c4e0 Exception <a 'sun/nio/fs/WindowsException'{0x00000000eb4b5bf0}> (0x00000000eb4b5bf0) 
thrown [s\src\hotspot\share\prims\jni.cpp, line 516]
Event: 21.456 Thread 0x00000206d7b3c4e0 Exception <a 'sun/nio/fs/WindowsException'{0x00000000eb4b6228}> (0x00000000eb4b6228) 
thrown [s\src\hotspot\share\prims\jni.cpp, line 516]
Event: 21.465 Thread 0x00000206d7b3c4e0 Exception <a 'sun/nio/fs/WindowsException'{0x00000000eb57b9c8}> (0x00000000eb57b9c8) 
thrown [s\src\hotspot\share\prims\jni.cpp, line 516]
Event: 21.465 Thread 0x00000206d7b3c4e0 Exception <a 'sun/nio/fs/WindowsException'{0x00000000eb57c2a8}> (0x00000000eb57c2a8) 
thrown [s\src\hotspot\share\prims\jni.cpp, line 516]
Event: 21.510 Thread 0x00000206d79d00d0 Exception <a 'java/lang/NoSuchMethodError'{0x00000000ebb3ba10}: 'int java.lang.invoke.DirectMethodHandle$Holder.invokeStatic(java.lang.Object, java.lang.Object, java.lang.Object, int)'> (0x00000000ebb3ba10) 
thrown [s\src\hotspot\share\interpreter\linkResolver.cpp, line 759]
Event: 21.586 Thread 0x00000206d7b3c4e0 Exception <a 'sun/nio/fs/WindowsException'{0x00000000eabfa298}> (0x00000000eabfa298) 
thrown [s\src\hotspot\share\prims\jni.cpp, line 516]
Event: 21.586 Thread 0x00000206d7b3c4e0 Exception <a 'sun/nio/fs/WindowsException'{0x00000000eabfa8d0}> (0x00000000eabfa8d0) 
thrown [s\src\hotspot\share\prims\jni.cpp, line 516]
Event: 21.587 Thread 0x00000206d7b3c4e0 Exception <a 'sun/nio/fs/WindowsException'{0x00000000eabfb608}> (0x00000000eabfb608) 
thrown [s\src\hotspot\share\prims\jni.cpp, line 516]
Event: 21.588 Thread 0x00000206d7b3c4e0 Exception <a 'sun/nio/fs/WindowsException'{0x00000000eabfbc40}> (0x00000000eabfbc40) 
thrown [s\src\hotspot\share\prims\jni.cpp, line 516]
Event: 21.589 Thread 0x00000206d7b3c4e0 Exception <a 'sun/nio/fs/WindowsException'{0x00000000eabfd400}> (0x00000000eabfd400) 
thrown [s\src\hotspot\share\prims\jni.cpp, line 516]
Event: 21.589 Thread 0x00000206d7b3c4e0 Exception <a 'sun/nio/fs/WindowsException'{0x00000000eabfda38}> (0x00000000eabfda38) 
thrown [s\src\hotspot\share\prims\jni.cpp, line 516]
Event: 21.597 Thread 0x00000206d7b3c4e0 Exception <a 'sun/nio/fs/WindowsException'{0x00000000eaddd868}> (0x00000000eaddd868) 
thrown [s\src\hotspot\share\prims\jni.cpp, line 516]
Event: 21.598 Thread 0x00000206d7b3c4e0 Exception <a 'sun/nio/fs/WindowsException'{0x00000000eadde148}> (0x00000000eadde148) 
thrown [s\src\hotspot\share\prims\jni.cpp, line 516]

VM Operations (20 events):
Event: 21.168 Executing VM operation: ParallelGCFailedAllocation done
Event: 21.347 Executing VM operation: HandshakeAllThreads
Event: 21.348 Executing VM operation: HandshakeAllThreads done
Event: 21.376 Executing VM operation: ParallelGCFailedAllocation
Event: 21.387 Executing VM operation: ParallelGCFailedAllocation done
Event: 21.462 Executing VM operation: HandshakeAllThreads
Event: 21.475 Executing VM operation: HandshakeAllThreads done
Event: 21.477 Executing VM operation: HandshakeAllThreads
Event: 21.484 Executing VM operation: HandshakeAllThreads done
Event: 21.515 Executing VM operation: ParallelGCFailedAllocation
Event: 21.526 Executing VM operation: ParallelGCFailedAllocation done
Event: 21.566 Executing VM operation: ParallelGCFailedAllocation
Event: 21.580 Executing VM operation: ParallelGCFailedAllocation done
Event: 21.599 Executing VM operation: HandshakeAllThreads
Event: 21.606 Executing VM operation: HandshakeAllThreads done
Event: 21.606 Executing VM operation: HandshakeAllThreads
Event: 21.606 Executing VM operation: HandshakeAllThreads done
Event: 21.643 Executing VM operation: HandshakeAllThreads
Event: 21.651 Executing VM operation: HandshakeAllThreads done
Event: 21.666 Executing VM operation: ParallelGCFailedAllocation

Memory protections (0 events):
No events

Nmethod flushes (20 events):
Event: 21.662 Thread 0x00000206d4b91240 flushing  nmethod 0x00000206bec5c890
Event: 21.662 Thread 0x00000206d4b91240 flushing  nmethod 0x00000206bec61f90
Event: 21.662 Thread 0x00000206d4b91240 flushing  nmethod 0x00000206bec68d10
Event: 21.662 Thread 0x00000206d4b91240 flushing  nmethod 0x00000206bec6f190
Event: 21.662 Thread 0x00000206d4b91240 flushing  nmethod 0x00000206bec75c10
Event: 21.662 Thread 0x00000206d4b91240 flushing  nmethod 0x00000206bec79b10
Event: 21.662 Thread 0x00000206d4b91240 flushing  nmethod 0x00000206bec84f90
Event: 21.662 Thread 0x00000206d4b91240 flushing  nmethod 0x00000206becf5c10
Event: 21.662 Thread 0x00000206d4b91240 flushing  nmethod 0x00000206becf8290
Event: 21.663 Thread 0x00000206d4b91240 flushing  nmethod 0x00000206beda2c10
Event: 21.663 Thread 0x00000206d4b91240 flushing  nmethod 0x00000206bedafd90
Event: 21.663 Thread 0x00000206d4b91240 flushing  nmethod 0x00000206bee08a10
Event: 21.664 Thread 0x00000206d4b91240 flushing  nmethod 0x00000206bee3ec90
Event: 21.664 Thread 0x00000206d4b91240 flushing  nmethod 0x00000206beec2f90
Event: 21.665 Thread 0x00000206d4b91240 flushing  nmethod 0x00000206befba290
Event: 21.665 Thread 0x00000206d4b91240 flushing  nmethod 0x00000206befc5310
Event: 21.665 Thread 0x00000206d4b91240 flushing  nmethod 0x00000206befc6110
Event: 21.666 Thread 0x00000206d4b91240 flushing  nmethod 0x00000206befe7290
Event: 21.666 Thread 0x00000206d4b91240 flushing  nmethod 0x00000206bf04c410
Event: 21.666 Thread 0x00000206d4b91240 flushing  nmethod 0x00000206bf052390

Events (20 events):
Event: 15.925 Thread 0x00000206d6760740 Thread added: 0x00000206da3283e0
Event: 15.947 Thread 0x00000206d6760740 Thread added: 0x00000206da325140
Event: 16.023 Thread 0x00000206d6760740 Thread added: 0x00000206d79d6b20
Event: 17.958 Thread 0x00000206d6760740 Thread added: 0x00000206d79d2440
Event: 17.959 Thread 0x00000206d6760740 Thread added: 0x00000206d79d05e0
Event: 17.959 Thread 0x00000206d6760740 Thread added: 0x00000206d79d3d90
Event: 18.055 Thread 0x00000206d6760740 Thread added: 0x00000206d79d2950
Event: 18.111 Thread 0x00000206d79d2440 Thread exited: 0x00000206d79d2440
Event: 18.111 Thread 0x00000206d79d2950 Thread exited: 0x00000206d79d2950
Event: 18.111 Thread 0x00000206d79d3d90 Thread exited: 0x00000206d79d3d90
Event: 18.112 Thread 0x00000206d79d05e0 Thread exited: 0x00000206d79d05e0
Event: 20.305 Thread 0x00000206d7b3bfd0 Thread added: 0x00000206d79d3880
Event: 20.306 Thread 0x00000206d7b3bfd0 Thread added: 0x00000206d79d7030
Event: 20.306 Thread 0x00000206d79d7030 Thread added: 0x00000206d79d1a20
Event: 20.307 Thread 0x00000206d79d1a20 Thread added: 0x00000206d79d0af0
Event: 20.308 Thread 0x00000206d7b3bfd0 Thread added: 0x00000206d79d51d0
Event: 20.308 Thread 0x00000206d79d51d0 Thread added: 0x00000206d79d00d0
Event: 20.309 Thread 0x00000206d79d00d0 Thread added: 0x00000206d79d2440
Event: 20.716 Thread 0x00000206d7b3c4e0 Thread added: 0x00000206d79d42a0
Event: 20.947 Thread 0x00000206d79d51d0 Thread added: 0x00000206d79d5bf0


Dynamic libraries:
0x00007ff685c60000 - 0x00007ff685c6e000 	c:\Users\gipso\.vscode\extensions\redhat.java-1.37.0-win32-x64\jre\17.0.13-win32-x86_64\bin\java.exe
0x00007ffa9bb50000 - 0x00007ffa9bd67000 	C:\WINDOWS\SYSTEM32\ntdll.dll
0x00007ffa9b6b0000 - 0x00007ffa9b774000 	C:\WINDOWS\System32\KERNEL32.DLL
0x00007ffa99280000 - 0x00007ffa9963a000 	C:\WINDOWS\System32\KERNELBASE.dll
0x00007ffa99710000 - 0x00007ffa99821000 	C:\WINDOWS\System32\ucrtbase.dll
0x00007ffa85ff0000 - 0x00007ffa86007000 	c:\Users\gipso\.vscode\extensions\redhat.java-1.37.0-win32-x64\jre\17.0.13-win32-x86_64\bin\jli.dll
0x00007ffa99ce0000 - 0x00007ffa99e8e000 	C:\WINDOWS\System32\USER32.dll
0x00007ffa99830000 - 0x00007ffa99856000 	C:\WINDOWS\System32\win32u.dll
0x00007ffa9a890000 - 0x00007ffa9a8b9000 	C:\WINDOWS\System32\GDI32.dll
0x00007ffa98e30000 - 0x00007ffa98f4b000 	C:\WINDOWS\System32\gdi32full.dll
0x00007ffa99640000 - 0x00007ffa996da000 	C:\WINDOWS\System32\msvcp_win.dll
0x00007ffa955e0000 - 0x00007ffa955fe000 	c:\Users\gipso\.vscode\extensions\redhat.java-1.37.0-win32-x64\jre\17.0.13-win32-x86_64\bin\VCRUNTIME140.dll
0x00007ffa89fa0000 - 0x00007ffa8a232000 	C:\WINDOWS\WinSxS\amd64_microsoft.windows.common-controls_6595b64144ccf1df_6.0.22621.4541_none_2710d1c57384c085\COMCTL32.dll
0x00007ffa9a020000 - 0x00007ffa9a0c7000 	C:\WINDOWS\System32\msvcrt.dll
0x00007ffa9b780000 - 0x00007ffa9b7b1000 	C:\WINDOWS\System32\IMM32.DLL
0x00007ffa95560000 - 0x00007ffa9556c000 	c:\Users\gipso\.vscode\extensions\redhat.java-1.37.0-win32-x64\jre\17.0.13-win32-x86_64\bin\vcruntime140_1.dll
0x00007ffa7fb90000 - 0x00007ffa7fc1d000 	c:\Users\gipso\.vscode\extensions\redhat.java-1.37.0-win32-x64\jre\17.0.13-win32-x86_64\bin\msvcp140.dll
0x00007ffa46090000 - 0x00007ffa46cfb000 	c:\Users\gipso\.vscode\extensions\redhat.java-1.37.0-win32-x64\jre\17.0.13-win32-x86_64\bin\server\jvm.dll
0x00007ffa99e90000 - 0x00007ffa99f42000 	C:\WINDOWS\System32\ADVAPI32.dll
0x00007ffa9a610000 - 0x00007ffa9a6b7000 	C:\WINDOWS\System32\sechost.dll
0x00007ffa996e0000 - 0x00007ffa99708000 	C:\WINDOWS\System32\bcrypt.dll
0x00007ffa9b1a0000 - 0x00007ffa9b2b4000 	C:\WINDOWS\System32\RPCRT4.dll
0x00007ffa9b520000 - 0x00007ffa9b591000 	C:\WINDOWS\System32\WS2_32.dll
0x00007ffa98b50000 - 0x00007ffa98b9d000 	C:\WINDOWS\SYSTEM32\POWRPROF.dll
0x00007ffa8b540000 - 0x00007ffa8b574000 	C:\WINDOWS\SYSTEM32\WINMM.dll
0x00007ffa85950000 - 0x00007ffa8595a000 	C:\WINDOWS\SYSTEM32\VERSION.dll
0x00007ffa98b30000 - 0x00007ffa98b43000 	C:\WINDOWS\SYSTEM32\UMPDC.dll
0x00007ffa97e30000 - 0x00007ffa97e48000 	C:\WINDOWS\SYSTEM32\kernel.appcore.dll
0x00007ffa89290000 - 0x00007ffa8929a000 	c:\Users\gipso\.vscode\extensions\redhat.java-1.37.0-win32-x64\jre\17.0.13-win32-x86_64\bin\jimage.dll
0x00007ffa96030000 - 0x00007ffa96262000 	C:\WINDOWS\SYSTEM32\DBGHELP.DLL
0x00007ffa9a280000 - 0x00007ffa9a60f000 	C:\WINDOWS\System32\combase.dll
0x00007ffa9b340000 - 0x00007ffa9b417000 	C:\WINDOWS\System32\OLEAUT32.dll
0x00007ffa850f0000 - 0x00007ffa85122000 	C:\WINDOWS\SYSTEM32\dbgcore.DLL
0x00007ffa99010000 - 0x00007ffa9908b000 	C:\WINDOWS\System32\bcryptPrimitives.dll
0x00007ffa88930000 - 0x00007ffa8893e000 	c:\Users\gipso\.vscode\extensions\redhat.java-1.37.0-win32-x64\jre\17.0.13-win32-x86_64\bin\instrument.dll
0x00007ffa84170000 - 0x00007ffa84195000 	c:\Users\gipso\.vscode\extensions\redhat.java-1.37.0-win32-x64\jre\17.0.13-win32-x86_64\bin\java.dll
0x00007ffa85c70000 - 0x00007ffa85c88000 	c:\Users\gipso\.vscode\extensions\redhat.java-1.37.0-win32-x64\jre\17.0.13-win32-x86_64\bin\zip.dll
0x00007ffa9a920000 - 0x00007ffa9b198000 	C:\WINDOWS\System32\SHELL32.dll
0x00007ffa96d20000 - 0x00007ffa97628000 	C:\WINDOWS\SYSTEM32\windows.storage.dll
0x00007ffa96be0000 - 0x00007ffa96d1f000 	C:\WINDOWS\SYSTEM32\wintypes.dll
0x00007ffa9a0d0000 - 0x00007ffa9a1ca000 	C:\WINDOWS\System32\SHCORE.dll
0x00007ffa9b4c0000 - 0x00007ffa9b51e000 	C:\WINDOWS\System32\shlwapi.dll
0x00007ffa98d60000 - 0x00007ffa98d8b000 	C:\WINDOWS\SYSTEM32\profapi.dll
0x00007ffa82810000 - 0x00007ffa82829000 	C:\Users\gipso\.vscode\extensions\redhat.java-1.37.0-win32-x64\jre\17.0.13-win32-x86_64\bin\net.dll
0x00007ffa90950000 - 0x00007ffa90a86000 	C:\WINDOWS\SYSTEM32\WINHTTP.dll
0x00007ffa982a0000 - 0x00007ffa98309000 	C:\WINDOWS\system32\mswsock.dll
0x00007ffa803d0000 - 0x00007ffa803e6000 	C:\Users\gipso\.vscode\extensions\redhat.java-1.37.0-win32-x64\jre\17.0.13-win32-x86_64\bin\nio.dll
0x00007ffa88870000 - 0x00007ffa88880000 	c:\Users\gipso\.vscode\extensions\redhat.java-1.37.0-win32-x64\jre\17.0.13-win32-x86_64\bin\verify.dll
0x00007ffa7a5e0000 - 0x00007ffa7a625000 	C:\Users\gipso\AppData\Roaming\Code\User\globalStorage\redhat.java\1.37.0\config_win\org.eclipse.equinox.launcher\org.eclipse.equinox.launcher.win32.win32.x86_64_1.2.1100.v20240722-2106\eclipse_11904.dll
0x00007ffa9a6e0000 - 0x00007ffa9a885000 	C:\WINDOWS\System32\ole32.dll
0x00007ffa98590000 - 0x00007ffa985ab000 	C:\WINDOWS\SYSTEM32\CRYPTSP.dll
0x00007ffa97d90000 - 0x00007ffa97dc5000 	C:\WINDOWS\system32\rsaenh.dll
0x00007ffa98340000 - 0x00007ffa98368000 	C:\WINDOWS\SYSTEM32\USERENV.dll
0x00007ffa984a0000 - 0x00007ffa984ac000 	C:\WINDOWS\SYSTEM32\CRYPTBASE.dll
0x00007ffa97890000 - 0x00007ffa978bd000 	C:\WINDOWS\SYSTEM32\IPHLPAPI.DLL
0x00007ffa9b4b0000 - 0x00007ffa9b4b9000 	C:\WINDOWS\System32\NSI.dll
0x00007ffa90930000 - 0x00007ffa90949000 	C:\WINDOWS\SYSTEM32\dhcpcsvc6.DLL
0x00007ffa90910000 - 0x00007ffa9092f000 	C:\WINDOWS\SYSTEM32\dhcpcsvc.DLL
0x00007ffa978c0000 - 0x00007ffa979c2000 	C:\WINDOWS\SYSTEM32\DNSAPI.dll
0x00007ffa80d40000 - 0x00007ffa80d89000 	C:\Users\gipso\AppData\Local\Temp\jna-98362026\jna4932251356773349100.dll
0x00007ffa9b7c0000 - 0x00007ffa9b7c8000 	C:\WINDOWS\System32\PSAPI.DLL

dbghelp: loaded successfully - version: 4.0.5 - missing functions: none
symbol engine: initialized successfully - sym options: 0x614 - pdb path: .;c:\Users\gipso\.vscode\extensions\redhat.java-1.37.0-win32-x64\jre\17.0.13-win32-x86_64\bin;C:\WINDOWS\SYSTEM32;C:\WINDOWS\WinSxS\amd64_microsoft.windows.common-controls_6595b64144ccf1df_6.0.22621.4541_none_2710d1c57384c085;c:\Users\gipso\.vscode\extensions\redhat.java-1.37.0-win32-x64\jre\17.0.13-win32-x86_64\bin\server;C:\Users\gipso\AppData\Roaming\Code\User\globalStorage\redhat.java\1.37.0\config_win\org.eclipse.equinox.launcher\org.eclipse.equinox.launcher.win32.win32.x86_64_1.2.1100.v20240722-2106;C:\Users\gipso\AppData\Local\Temp\jna-98362026

VM Arguments:
jvm_args: --add-modules=ALL-SYSTEM --add-opens=java.base/java.util=ALL-UNNAMED --add-opens=java.base/java.lang=ALL-UNNAMED --add-opens=java.base/sun.nio.fs=ALL-UNNAMED -Declipse.application=org.eclipse.jdt.ls.core.id1 -Dosgi.bundles.defaultStartLevel=4 -Declipse.product=org.eclipse.jdt.ls.core.product -Djava.import.generatesMetadataFilesAtProjectRoot=false -DDetectVMInstallationsJob.disabled=true -Dfile.encoding=utf8 -XX:+UseParallelGC -XX:GCTimeRatio=4 -XX:AdaptiveSizePolicyWeight=90 -Dsun.zip.disableMemoryMapping=true -Xmx1G -Xms100m -Xlog:disable -javaagent:c:\Users\gipso\.vscode\extensions\redhat.java-1.37.0-win32-x64\lombok\lombok-1.18.34.jar -XX:+HeapDumpOnOutOfMemoryError -XX:HeapDumpPath=c:\Users\gipso\AppData\Roaming\Code\User\workspaceStorage\b642802f492ce5017a0266edc43d445e\redhat.java -Daether.dependencyCollector.impl=bf 
java_command: c:\Users\gipso\.vscode\extensions\redhat.java-1.37.0-win32-x64\server\plugins\org.eclipse.equinox.launcher_1.6.900.v20240613-2009.jar -configuration c:\Users\gipso\AppData\Roaming\Code\User\globalStorage\redhat.java\1.37.0\config_win -data c:\Users\gipso\AppData\Roaming\Code\User\workspaceStorage\b642802f492ce5017a0266edc43d445e\redhat.java\jdt_ws --pipe=\\.\pipe\lsp-e0c6a65033bb98f491af6ed4dd9638db-sock
java_class_path (initial): c:\Users\gipso\.vscode\extensions\redhat.java-1.37.0-win32-x64\server\plugins\org.eclipse.equinox.launcher_1.6.900.v20240613-2009.jar
Launcher Type: SUN_STANDARD

[Global flags]
    uintx AdaptiveSizePolicyWeight                 = 90                                        {product} {command line}
     intx CICompilerCount                          = 4                                         {product} {ergonomic}
    uintx GCTimeRatio                              = 4                                         {product} {command line}
     bool HeapDumpOnOutOfMemoryError               = true                                   {manageable} {command line}
    ccstr HeapDumpPath                             = c:\Users\gipso\AppData\Roaming\Code\User\workspaceStorage\b642802f492ce5017a0266edc43d445e\redhat.java         {manageable} {command line}
   size_t InitialHeapSize                          = 104857600                                 {product} {command line}
   size_t MaxHeapSize                              = 1073741824                                {product} {command line}
   size_t MaxNewSize                               = 357564416                                 {product} {ergonomic}
   size_t MinHeapDeltaBytes                        = 524288                                    {product} {ergonomic}
   size_t MinHeapSize                              = 104857600                                 {product} {command line}
   size_t NewSize                                  = 34603008                                  {product} {ergonomic}
    uintx NonNMethodCodeHeapSize                   = 5839372                                {pd product} {ergonomic}
    uintx NonProfiledCodeHeapSize                  = 122909434                              {pd product} {ergonomic}
   size_t OldSize                                  = 70254592                                  {product} {ergonomic}
    uintx ProfiledCodeHeapSize                     = 122909434                              {pd product} {ergonomic}
    uintx ReservedCodeCacheSize                    = 251658240                              {pd product} {ergonomic}
     bool SegmentedCodeCache                       = true                                      {product} {ergonomic}
   size_t SoftMaxHeapSize                          = 1073741824                             {manageable} {ergonomic}
     bool UseCompressedClassPointers               = true                           {product lp64_product} {ergonomic}
     bool UseCompressedOops                        = true                           {product lp64_product} {ergonomic}
     bool UseLargePagesIndividualAllocation        = false                                  {pd product} {ergonomic}
     bool UseParallelGC                            = true                                      {product} {command line}

Logging:
Log output configuration:
 #0: stdout all=off uptime,level,tags
 #1: stderr all=off uptime,level,tags

Environment Variables:
PATH=C:\Program Files\Common Files\Oracle\Java\javapath;C:\Program Files (x86)\Common Files\Oracle\Java\java8path;C:\Program Files (x86)\Common Files\Oracle\Java\javapath;C:\Program Files (x86)\Common Files\Intel\Shared Libraries\redist\intel64\compiler;C:\WINDOWS\system32;C:\WINDOWS;C:\WINDOWS\System32\Wbem;C:\WINDOWS\System32\WindowsPowerShell\v1.0\;C:\WINDOWS\System32\OpenSSH\;C:\MinGW\bin;C:\Windows\Microsoft.NET\Framework64\v4.0.30319;C:\Program Files\Git\cmd;C:\Program Files\nodejs\;C:\ProgramData\chocolatey\bin;C:\Program Files\Calibre2\;C:\Program Files\Tailscale\;C:\php8;C:\Users\gipso\Downloads\Setup Folder\apache-maven-3.9.9-bin\apache-maven-3.9.9\bin;C:\Program Files (x86)\SMLNJ\bin\;C:\GnuWin32\bin;C:\MinGW\bin;C:\Users\gipso\AppData\Local\Programs\Python\Python311\Scripts\;C:\Users\gipso\AppData\Local\Programs\Python\Python311\;C:\Program Files\MySQL\MySQL Shell 8.0\bin\;C:\Users\gipso\AppData\Local\Microsoft\WindowsApps;C:\Users\gipso\.dotnet\tools;C:\Users\gipso\AppData\Local\GitHubDesktop\bin;C:\Users\gipso\AppData\Local\atom\bin;C:\Users\gipso\AppData\Roaming\npm;C:\Users\gipso\.dotnet\tools;;C:\Users\gipso\AppData\Local\Microsoft\WindowsApps;C:\ghcup\bin;C:\Users\gipso\AppData\Local\Programs\Microsoft VS Code\bin
USERNAME=gipso
OS=Windows_NT
PROCESSOR_IDENTIFIER=Intel64 Family 6 Model 126 Stepping 5, GenuineIntel
TMP=C:\Users\gipso\AppData\Local\Temp
TEMP=C:\Users\gipso\AppData\Local\Temp



Periodic native trim disabled


---------------  S Y S T E M  ---------------

OS:
 Windows 11 , 64 bit Build 22621 (10.0.22621.4391)
OS uptime: 3 days 5:39 hours
Hyper-V role detected

CPU: total 8 (initial active 8) (4 cores per cpu, 2 threads per core) family 6 model 126 stepping 5 microcode 0xbc, cx8, cmov, fxsr, ht, mmx, 3dnowpref, sse, sse2, sse3, ssse3, sse4.1, sse4.2, popcnt, lzcnt, tsc, tscinvbit, avx, avx2, aes, erms, clmul, bmi1, bmi2, adx, avx512f, avx512dq, avx512cd, avx512bw, avx512vl, sha, fma, vzeroupper, avx512_vpopcntdq, avx512_vpclmulqdq, avx512_vaes, avx512_vnni, clflush, clflushopt, avx512_vbmi2, avx512_vbmi, hv
Processor Information for all 8 processors :
  Max Mhz: 1190, Current Mhz: 991, Mhz Limit: 987

Memory: 4k page, system-wide physical 7778M (452M free)
TotalPageFile size 10778M (AvailPageFile size 5M)
current process WorkingSet (physical memory assigned to process): 530M, peak: 532M
current process commit charge ("private bytes"): 500M, peak: 965M

vm_info: OpenJDK 64-Bit Server VM (17.0.13+11) for windows-amd64 JRE (17.0.13+11), built on Oct 16 2024 00:10:08 by "admin" with MS VC++ 17.7 (VS2022)

END.
