#
# There is insufficient memory for the Java Runtime Environment to continue.
# Native memory allocation (malloc) failed to allocate 975296 bytes. Error detail: Chunk::new
# Possible reasons:
#   The system is out of physical RAM or swap space
#   This process is running with CompressedOops enabled, and the Java Heap may be blocking the growth of the native heap
# Possible solutions:
#   Reduce memory load on the system
#   Increase physical memory or swap space
#   Check if swap backing store is full
#   Decrease Java heap size (-Xmx/-Xms)
#   Decrease number of Java threads
#   Decrease Java thread stack sizes (-Xss)
#   Set larger code cache with -XX:ReservedCodeCacheSize=
#   JVM is running with Unscaled Compressed Oops mode in which the Java heap is
#     placed in the first 4GB address space. The Java Heap base address is the
#     maximum limit for the native heap growth. Please use -XX:HeapBaseMinAddress
#     to set the Java Heap base and to place the Java Heap above 4GB virtual address.
# This output file may be truncated or incomplete.
#
#  Out of Memory Error (arena.cpp:191), pid=8904, tid=12636
#
# JRE version: OpenJDK Runtime Environment Temurin-17.0.13+11 (17.0.13+11) (build 17.0.13+11)
# Java VM: OpenJDK 64-Bit Server VM Temurin-17.0.13+11 (17.0.13+11, mixed mode, tiered, compressed oops, compressed class ptrs, parallel gc, windows-amd64)
# No core dump will be written. Minidumps are not enabled by default on client versions of Windows
#

---------------  S U M M A R Y ------------

Command Line: --add-modules=ALL-SYSTEM --add-opens=java.base/java.util=ALL-UNNAMED --add-opens=java.base/java.lang=ALL-UNNAMED --add-opens=java.base/sun.nio.fs=ALL-UNNAMED -Declipse.application=org.eclipse.jdt.ls.core.id1 -Dosgi.bundles.defaultStartLevel=4 -Declipse.product=org.eclipse.jdt.ls.core.product -Djava.import.generatesMetadataFilesAtProjectRoot=false -DDetectVMInstallationsJob.disabled=true -Dfile.encoding=utf8 -XX:+UseParallelGC -XX:GCTimeRatio=4 -XX:AdaptiveSizePolicyWeight=90 -Dsun.zip.disableMemoryMapping=true -Xmx1G -Xms100m -Xlog:disable -javaagent:c:\Users\gipso\.vscode\extensions\redhat.java-1.37.0-win32-x64\lombok\lombok-1.18.34.jar -XX:+HeapDumpOnOutOfMemoryError -XX:HeapDumpPath=c:\Users\gipso\AppData\Roaming\Code\User\workspaceStorage\b642802f492ce5017a0266edc43d445e\redhat.java -Daether.dependencyCollector.impl=bf c:\Users\gipso\.vscode\extensions\redhat.java-1.37.0-win32-x64\server\plugins\org.eclipse.equinox.launcher_1.6.900.v20240613-2009.jar -configuration c:\Users\gipso\AppData\Roaming\Code\User\globalStorage\redhat.java\1.37.0\config_win -data c:\Users\gipso\AppData\Roaming\Code\User\workspaceStorage\b642802f492ce5017a0266edc43d445e\redhat.java\jdt_ws --pipe=\\.\pipe\lsp-807dd405e79fa9b841f9447f28f7c288-sock

Host: Intel(R) Core(TM) i5-1035G1 CPU @ 1.00GHz, 8 cores, 7G,  Windows 11 , 64 bit Build 22621 (10.0.22621.4391)
Time: Mon Dec  2 16:58:21 2024 Central Standard Time elapsed time: 19.631878 seconds (0d 0h 0m 19s)

---------------  T H R E A D  ---------------

Current thread (0x000002491c4bf290):  JavaThread "C2 CompilerThread0" daemon [_thread_in_native, id=12636, stack(0x0000006459200000,0x0000006459300000)]


Current CompileTask:
C2:  19632 8971 % !   4       org.eclipse.jdt.internal.core.search.indexing.BinaryIndexer::indexDocument @ 595 (1157 bytes)

Stack: [0x0000006459200000,0x0000006459300000]
Native frames: (J=compiled Java code, j=interpreted, Vv=VM code, C=native code)
V  [jvm.dll+0x682a19]
V  [jvm.dll+0x839538]
V  [jvm.dll+0x83afe3]
V  [jvm.dll+0x83b653]
V  [jvm.dll+0x24704f]
V  [jvm.dll+0xace34]
V  [jvm.dll+0xad4cc]
V  [jvm.dll+0x2ac84f]
V  [jvm.dll+0x588a79]
V  [jvm.dll+0x220ea2]
V  [jvm.dll+0x22129f]
V  [jvm.dll+0x21a2b0]
V  [jvm.dll+0x21738b]
V  [jvm.dll+0x1a3070]
V  [jvm.dll+0x22788c]
V  [jvm.dll+0x2259eb]
V  [jvm.dll+0x7eec98]
V  [jvm.dll+0x7e8ffc]
V  [jvm.dll+0x6818f7]
C  [ucrtbase.dll+0x29333]
C  [KERNEL32.DLL+0x1259d]
C  [ntdll.dll+0x5af38]


---------------  P R O C E S S  ---------------

Threads class SMR info:
_java_thread_list=0x000002492b486f50, length=61, elements={
0x000002490162fb40, 0x0000024917413030, 0x00000249174154c0, 0x000002491741d2e0,
0x000002491741dbb0, 0x000002491c4b6000, 0x000002491c4b7070, 0x000002491c4bf290,
0x000002491c520620, 0x000002491c5232f0, 0x000002491c5f1290, 0x000002491d622380,
0x000002491deef880, 0x000002491e06a9b0, 0x000002491e30a230, 0x000002491e309810,
0x000002491e309d20, 0x000002491e30a740, 0x000002491e30b670, 0x000002491e30bb80,
0x000002491e3088e0, 0x000002491e3083d0, 0x000002491e6096a0, 0x000002491e308df0,
0x000002491fa99eb0, 0x000002491fa9b2f0, 0x000002491fa9a3c0, 0x000002491fa98050,
0x000002491fa9a8d0, 0x000002491fa999a0, 0x000002491fa98a70, 0x000002491fa9ade0,
0x000002491fa9b800, 0x000002491fa98560, 0x000002491fa98f80, 0x000002491fa99490,
0x0000024920c41720, 0x0000024920c42140, 0x0000024920c43580, 0x0000024920c43070,
0x0000024920c42b60, 0x0000024920c458f0, 0x0000024920c43fa0, 0x0000024920c444b0,
0x0000024920c45e00, 0x0000024920c407f0, 0x0000024920c47750, 0x0000024920c46820,
0x0000024920c42650, 0x0000024920c46d30, 0x0000024920c40d00, 0x0000024920c449c0,
0x0000024920c41210, 0x0000024920c44ed0, 0x0000024920c47240, 0x000002491e309300,
0x000002492b8413c0, 0x000002492b848320, 0x000002492b841de0, 0x000002492b845fb0,
0x000002492b8418d0
}

Java Threads: ( => current thread )
  0x000002490162fb40 JavaThread "main" [_thread_blocked, id=17640, stack(0x0000006458900000,0x0000006458a00000)]
  0x0000024917413030 JavaThread "Reference Handler" daemon [_thread_blocked, id=17456, stack(0x0000006458c00000,0x0000006458d00000)]
  0x00000249174154c0 JavaThread "Finalizer" daemon [_thread_blocked, id=6588, stack(0x0000006458d00000,0x0000006458e00000)]
  0x000002491741d2e0 JavaThread "Signal Dispatcher" daemon [_thread_blocked, id=14208, stack(0x0000006458e00000,0x0000006458f00000)]
  0x000002491741dbb0 JavaThread "Attach Listener" daemon [_thread_blocked, id=16360, stack(0x0000006458f00000,0x0000006459000000)]
  0x000002491c4b6000 JavaThread "Service Thread" daemon [_thread_blocked, id=4792, stack(0x0000006459000000,0x0000006459100000)]
  0x000002491c4b7070 JavaThread "Monitor Deflation Thread" daemon [_thread_blocked, id=1088, stack(0x0000006459100000,0x0000006459200000)]
=>0x000002491c4bf290 JavaThread "C2 CompilerThread0" daemon [_thread_in_native, id=12636, stack(0x0000006459200000,0x0000006459300000)]
  0x000002491c520620 JavaThread "C1 CompilerThread0" daemon [_thread_blocked, id=15380, stack(0x0000006459300000,0x0000006459400000)]
  0x000002491c5232f0 JavaThread "Sweeper thread" daemon [_thread_blocked, id=20896, stack(0x0000006459400000,0x0000006459500000)]
  0x000002491c5f1290 JavaThread "Common-Cleaner" daemon [_thread_blocked, id=19036, stack(0x0000006459500000,0x0000006459600000)]
  0x000002491d622380 JavaThread "Notification Thread" daemon [_thread_blocked, id=9124, stack(0x0000006459600000,0x0000006459700000)]
  0x000002491deef880 JavaThread "Active Thread: Equinox Container: 66839871-1f5d-4167-9138-41ec054b1944" [_thread_blocked, id=20812, stack(0x0000006459f00000,0x000000645a000000)]
  0x000002491e06a9b0 JavaThread "Refresh Thread: Equinox Container: 66839871-1f5d-4167-9138-41ec054b1944" daemon [_thread_blocked, id=1924, stack(0x000000645a000000,0x000000645a100000)]
  0x000002491e30a230 JavaThread "Framework Event Dispatcher: Equinox Container: 66839871-1f5d-4167-9138-41ec054b1944" daemon [_thread_blocked, id=14516, stack(0x000000645a100000,0x000000645a200000)]
  0x000002491e309810 JavaThread "Start Level: Equinox Container: 66839871-1f5d-4167-9138-41ec054b1944" daemon [_thread_blocked, id=11508, stack(0x000000645a200000,0x000000645a300000)]
  0x000002491e309d20 JavaThread "Bundle File Closer" daemon [_thread_blocked, id=7100, stack(0x000000645a400000,0x000000645a500000)]
  0x000002491e30a740 JavaThread "SCR Component Actor" daemon [_thread_blocked, id=19712, stack(0x000000645a500000,0x000000645a600000)]
  0x000002491e30b670 JavaThread "Worker-JM" [_thread_blocked, id=1048, stack(0x000000645a700000,0x000000645a800000)]
  0x000002491e30bb80 JavaThread "JNA Cleaner" daemon [_thread_blocked, id=14960, stack(0x000000645a600000,0x000000645a700000)]
  0x000002491e3088e0 JavaThread "Worker-0" [_thread_blocked, id=15968, stack(0x000000645a800000,0x000000645a900000)]
  0x000002491e3083d0 JavaThread "Worker-1: Initialize Workspace" [_thread_in_native, id=1200, stack(0x000000645a900000,0x000000645aa00000)]
  0x000002491e6096a0 JavaThread "C2 CompilerThread1" daemon [_thread_blocked, id=17432, stack(0x000000645aa00000,0x000000645ab00000)]
  0x000002491e308df0 JavaThread "Java indexing" daemon [_thread_in_Java, id=12412, stack(0x000000645ab00000,0x000000645ac00000)]
  0x000002491fa99eb0 JavaThread "Worker-2" [_thread_blocked, id=5832, stack(0x000000645ac00000,0x000000645ad00000)]
  0x000002491fa9b2f0 JavaThread "Thread-2" daemon [_thread_in_native, id=5888, stack(0x000000645ae00000,0x000000645af00000)]
  0x000002491fa9a3c0 JavaThread "Thread-3" daemon [_thread_in_native, id=10092, stack(0x000000645af00000,0x000000645b000000)]
  0x000002491fa98050 JavaThread "Thread-4" daemon [_thread_in_native, id=9396, stack(0x000000645b000000,0x000000645b100000)]
  0x000002491fa9a8d0 JavaThread "Thread-5" daemon [_thread_in_native, id=11836, stack(0x000000645b100000,0x000000645b200000)]
  0x000002491fa999a0 JavaThread "Thread-6" daemon [_thread_in_native, id=5556, stack(0x000000645b200000,0x000000645b300000)]
  0x000002491fa98a70 JavaThread "Thread-7" daemon [_thread_in_native, id=1492, stack(0x000000645b300000,0x000000645b400000)]
  0x000002491fa9ade0 JavaThread "Thread-8" daemon [_thread_in_native, id=12960, stack(0x000000645b400000,0x000000645b500000)]
  0x000002491fa9b800 JavaThread "Thread-9" daemon [_thread_in_native, id=20532, stack(0x000000645b500000,0x000000645b600000)]
  0x000002491fa98560 JavaThread "Thread-10" daemon [_thread_in_native, id=11876, stack(0x000000645b600000,0x000000645b700000)]
  0x000002491fa98f80 JavaThread "pool-2-thread-1" [_thread_blocked, id=13612, stack(0x000000645b700000,0x000000645b800000)]
  0x000002491fa99490 JavaThread "Worker-3: Java indexing... " [_thread_blocked, id=6108, stack(0x000000645b800000,0x000000645b900000)]
  0x0000024920c41720 JavaThread "Worker-4" [_thread_blocked, id=8524, stack(0x000000645b900000,0x000000645ba00000)]
  0x0000024920c42140 JavaThread "Worker-5" [_thread_blocked, id=15372, stack(0x000000645ba00000,0x000000645bb00000)]
  0x0000024920c43580 JavaThread "WorkspaceEventsHandler" [_thread_blocked, id=18332, stack(0x000000645bb00000,0x000000645bc00000)]
  0x0000024920c43070 JavaThread "pool-1-thread-1" [_thread_blocked, id=14948, stack(0x000000645bc00000,0x000000645bd00000)]
  0x0000024920c42b60 JavaThread "LocalFile Deleter" daemon [_thread_blocked, id=11356, stack(0x000000645bd00000,0x000000645be00000)]
  0x0000024920c458f0 JavaThread "LocalFile Deleter" daemon [_thread_blocked, id=13268, stack(0x000000645be00000,0x000000645bf00000)]
  0x0000024920c43fa0 JavaThread "LocalFile Deleter" daemon [_thread_blocked, id=15056, stack(0x000000645bf00000,0x000000645c000000)]
  0x0000024920c444b0 JavaThread "LocalFile Deleter" daemon [_thread_blocked, id=10884, stack(0x000000645c000000,0x000000645c100000)]
  0x0000024920c45e00 JavaThread "LocalFile Deleter" daemon [_thread_blocked, id=18184, stack(0x000000645c100000,0x000000645c200000)]
  0x0000024920c407f0 JavaThread "LocalFile Deleter" daemon [_thread_blocked, id=15724, stack(0x000000645c200000,0x000000645c300000)]
  0x0000024920c47750 JavaThread "LocalFile Deleter" daemon [_thread_blocked, id=7968, stack(0x000000645c300000,0x000000645c400000)]
  0x0000024920c46820 JavaThread "LocalFile Deleter" daemon [_thread_blocked, id=17776, stack(0x000000645c400000,0x000000645c500000)]
  0x0000024920c42650 JavaThread "Compiler Source File Reader" daemon [_thread_blocked, id=13148, stack(0x000000645c500000,0x000000645c600000)]
  0x0000024920c46d30 JavaThread "Compiler Source File Reader" daemon [_thread_blocked, id=19716, stack(0x000000645c600000,0x000000645c700000)]
  0x0000024920c40d00 JavaThread "Compiler Source File Reader" daemon [_thread_blocked, id=12724, stack(0x000000645c700000,0x000000645c800000)]
  0x0000024920c449c0 JavaThread "Compiler Source File Reader" daemon [_thread_blocked, id=9920, stack(0x000000645c800000,0x000000645c900000)]
  0x0000024920c41210 JavaThread "Compiler Source File Reader" daemon [_thread_blocked, id=13240, stack(0x000000645c900000,0x000000645ca00000)]
  0x0000024920c44ed0 JavaThread "Compiler Source File Reader" daemon [_thread_blocked, id=9208, stack(0x000000645ca00000,0x000000645cb00000)]
  0x0000024920c47240 JavaThread "Compiler Processing Task" daemon [_thread_blocked, id=12988, stack(0x0000006459e00000,0x0000006459f00000)]
  0x000002491e309300 JavaThread "Compiler Class File Writer" daemon [_thread_blocked, id=1716, stack(0x000000645cb00000,0x000000645cc00000)]
  0x000002492b8413c0 JavaThread "Compiler Class File Writer" daemon [_thread_blocked, id=17452, stack(0x000000645cc00000,0x000000645cd00000)]
  0x000002492b848320 JavaThread "Compiler Class File Writer" daemon [_thread_blocked, id=18012, stack(0x000000645cd00000,0x000000645ce00000)]
  0x000002492b841de0 JavaThread "Compiler Class File Writer" daemon [_thread_blocked, id=4028, stack(0x000000645ce00000,0x000000645cf00000)]
  0x000002492b845fb0 JavaThread "Compiler Class File Writer" daemon [_thread_blocked, id=14924, stack(0x000000645cf00000,0x000000645d000000)]
  0x000002492b8418d0 JavaThread "Compiler Class File Writer" daemon [_thread_blocked, id=9720, stack(0x000000645d000000,0x000000645d100000)]

Other Threads:
  0x000002491c4914b0 VMThread "VM Thread" [stack: 0x0000006458b00000,0x0000006458c00000] [id=6444]
  0x000002491d622860 WatcherThread [stack: 0x0000006459700000,0x0000006459800000] [id=7948]
  0x0000024901645eb0 GCTaskThread "GC Thread#0" [stack: 0x0000006458a00000,0x0000006458b00000] [id=19028]
  0x000002491da68020 GCTaskThread "GC Thread#1" [stack: 0x0000006459800000,0x0000006459900000] [id=16156]
  0x000002491d7922e0 GCTaskThread "GC Thread#2" [stack: 0x0000006459900000,0x0000006459a00000] [id=17664]
  0x000002491d7925a0 GCTaskThread "GC Thread#3" [stack: 0x0000006459a00000,0x0000006459b00000] [id=21292]
  0x000002491d82ff50 GCTaskThread "GC Thread#4" [stack: 0x0000006459b00000,0x0000006459c00000] [id=14880]
  0x000002491d830210 GCTaskThread "GC Thread#5" [stack: 0x0000006459c00000,0x0000006459d00000] [id=9700]
  0x000002491ddf9ed0 GCTaskThread "GC Thread#6" [stack: 0x0000006459d00000,0x0000006459e00000] [id=3808]
  0x000002491db28490 GCTaskThread "GC Thread#7" [stack: 0x000000645a300000,0x000000645a400000] [id=14928]

Threads with active compile tasks:
C2 CompilerThread0    19708 8971 % !   4       org.eclipse.jdt.internal.core.search.indexing.BinaryIndexer::indexDocument @ 595 (1157 bytes)
C2 CompilerThread1    19708 9041   !   4       java.nio.file.FileTreeWalker::next (144 bytes)

VM state: not at safepoint (normal execution)

VM Mutex/Monitor currently owned by a thread: None

Heap address: 0x00000000c0000000, size: 1024 MB, Compressed Oops mode: 32-bit

CDS archive(s) not mapped
Compressed class space mapped at: 0x0000000100000000-0x0000000140000000, reserved size: 1073741824
Narrow klass base: 0x0000000000000000, Narrow klass shift: 3, Narrow klass range: 0x140000000

GC Precious Log:
 CPUs: 8 total, 8 available
 Memory: 7778M
 Large Page Support: Disabled
 NUMA Support: Disabled
 Compressed Oops: Enabled (32-bit)
 Alignments: Space 512K, Generation 512K, Heap 2M
 Heap Min Capacity: 100M
 Heap Initial Capacity: 100M
 Heap Max Capacity: 1G
 Pre-touch: Disabled
 Parallel Workers: 8

Heap:
 PSYoungGen      total 17920K, used 8479K [0x00000000eab00000, 0x00000000ec180000, 0x0000000100000000)
  eden space 14848K, 39% used [0x00000000eab00000,0x00000000eb0b5ac8,0x00000000eb980000)
  from space 3072K, 85% used [0x00000000eb980000,0x00000000ebc12480,0x00000000ebc80000)
  to   space 4096K, 0% used [0x00000000ebd80000,0x00000000ebd80000,0x00000000ec180000)
 ParOldGen       total 93184K, used 71580K [0x00000000c0000000, 0x00000000c5b00000, 0x00000000eab00000)
  object space 93184K, 76% used [0x00000000c0000000,0x00000000c45e7010,0x00000000c5b00000)
 Metaspace       used 66401K, committed 67648K, reserved 1114112K
  class space    used 7004K, committed 7552K, reserved 1048576K

Card table byte_map: [0x0000024914c90000,0x0000024914ea0000] _byte_map_base: 0x0000024914690000

Marking Bits: (ParMarkBitMap*) 0x00007ffa46c36940
 Begin Bits: [0x0000024915000000, 0x0000024916000000)
 End Bits:   [0x0000024916000000, 0x0000024917000000)

Polling page: 0x00000249016e0000

Metaspace:

Usage:
  Non-class:     58.01 MB used.
      Class:      6.84 MB used.
       Both:     64.85 MB used.

Virtual space:
  Non-class space:       64.00 MB reserved,      58.69 MB ( 92%) committed,  1 nodes.
      Class space:        1.00 GB reserved,       7.38 MB ( <1%) committed,  1 nodes.
             Both:        1.06 GB reserved,      66.06 MB (  6%) committed. 

Chunk freelists:
   Non-Class:  4.84 MB
       Class:  8.57 MB
        Both:  13.42 MB

MaxMetaspaceSize: unlimited
CompressedClassSpaceSize: 1.00 GB
Initial GC threshold: 21.00 MB
Current GC threshold: 106.19 MB
CDS: off
MetaspaceReclaimPolicy: balanced
 - commit_granule_bytes: 65536.
 - commit_granule_words: 8192.
 - virtual_space_node_default_size: 8388608.
 - enlarge_chunks_in_place: 1.
 - new_chunks_are_fully_committed: 0.
 - uncommit_free_chunks: 1.
 - use_allocation_guard: 0.
 - handle_deallocations: 1.


Internal statistics:

num_allocs_failed_limit: 9.
num_arena_births: 860.
num_arena_deaths: 14.
num_vsnodes_births: 2.
num_vsnodes_deaths: 0.
num_space_committed: 1057.
num_space_uncommitted: 0.
num_chunks_returned_to_freelist: 23.
num_chunks_taken_from_freelist: 3676.
num_chunk_merges: 14.
num_chunk_splits: 2224.
num_chunks_enlarged: 1186.
num_inconsistent_stats: 0.

CodeHeap 'non-profiled nmethods': size=120000Kb used=4354Kb max_used=4354Kb free=115645Kb
 bounds [0x000002490d580000, 0x000002490d9d0000, 0x0000024914ab0000]
CodeHeap 'profiled nmethods': size=120000Kb used=15114Kb max_used=15439Kb free=104885Kb
 bounds [0x0000024905ab0000, 0x00000249069d0000, 0x000002490cfe0000]
CodeHeap 'non-nmethods': size=5760Kb used=1371Kb max_used=1453Kb free=4388Kb
 bounds [0x000002490cfe0000, 0x000002490d250000, 0x000002490d580000]
 total_blobs=8219 nmethods=7518 adapters=613
 compilation: enabled
              stopped_count=0, restarted_count=0
 full_count=0

Compilation events (20 events):
Event: 19.568 Thread 0x000002491c520620 9024       2       java.util.regex.Pattern::sequence (647 bytes)
Event: 19.571 Thread 0x000002491c520620 nmethod 9024 0x000002490662fa90 code [0x000002490662fe20, 0x0000024906630e88]
Event: 19.571 Thread 0x000002491c520620 9025       3       java.util.regex.Pattern$SliceU::match (99 bytes)
Event: 19.572 Thread 0x000002491c520620 nmethod 9025 0x000002490662ee90 code [0x000002490662f0c0, 0x000002490662f818]
Event: 19.579 Thread 0x000002491c520620 9026       2       java.util.regex.Pattern::nextEscaped (19 bytes)
Event: 19.579 Thread 0x000002491c520620 nmethod 9026 0x000002490662eb10 code [0x000002490662eca0, 0x000002490662edd8]
Event: 19.579 Thread 0x000002491c520620 9027       2       java.util.regex.Pattern::qtype (39 bytes)
Event: 19.579 Thread 0x000002491c520620 nmethod 9027 0x000002490662e690 code [0x000002490662e860, 0x000002490662ea48]
Event: 19.582 Thread 0x000002491c520620 9028       2       sun.nio.fs.WindowsPath::compareTo (118 bytes)
Event: 19.583 Thread 0x000002491c520620 nmethod 9028 0x000002490662d610 code [0x000002490662d860, 0x000002490662dfc8]
Event: 19.586 Thread 0x000002491c520620 9029   !   3       java.nio.file.FileTreeWalker::getAttributes (94 bytes)
Event: 19.587 Thread 0x000002491c520620 nmethod 9029 0x000002490662bd10 code [0x000002490662bfc0, 0x000002490662d0e8]
Event: 19.597 Thread 0x000002491c520620 9030       2       java.util.regex.Pattern::escape (1327 bytes)
Event: 19.604 Thread 0x000002491c520620 nmethod 9030 0x0000024906628010 code [0x0000024906628720, 0x000002490662ae48]
Event: 19.620 Thread 0x000002491c520620 9032   !   2       java.util.regex.Pattern::RemoveQEQuoting (370 bytes)
Event: 19.622 Thread 0x000002491c520620 nmethod 9032 0x0000024906626e10 code [0x0000024906627040, 0x0000024906627a68]
Event: 19.622 Thread 0x000002491c520620 9033       3       java.util.regex.Pattern::append (43 bytes)
Event: 19.623 Thread 0x000002491c520620 nmethod 9033 0x0000024906626710 code [0x00000249066268e0, 0x0000024906626c78]
Event: 19.625 Thread 0x000002491c520620 9034       2       java.util.regex.Pattern::newSlice (181 bytes)
Event: 19.626 Thread 0x000002491c520620 nmethod 9034 0x0000024906625690 code [0x0000024906625900, 0x0000024906626248]

GC Heap History (20 events):
Event: 15.154 GC heap before
{Heap before GC invocations=36 (full 3):
 PSYoungGen      total 18944K, used 18432K [0x00000000eab00000, 0x00000000ec500000, 0x0000000100000000)
  eden space 18432K, 100% used [0x00000000eab00000,0x00000000ebd00000,0x00000000ebd00000)
  from space 512K, 0% used [0x00000000ec480000,0x00000000ec480000,0x00000000ec500000)
  to   space 3072K, 0% used [0x00000000ebf00000,0x00000000ebf00000,0x00000000ec200000)
 ParOldGen       total 68608K, used 50519K [0x00000000c0000000, 0x00000000c4300000, 0x00000000eab00000)
  object space 68608K, 73% used [0x00000000c0000000,0x00000000c3155da8,0x00000000c4300000)
 Metaspace       used 59633K, committed 60800K, reserved 1114112K
  class space    used 6346K, committed 6848K, reserved 1048576K
}
Event: 15.162 GC heap after
{Heap after GC invocations=36 (full 3):
 PSYoungGen      total 21504K, used 3044K [0x00000000eab00000, 0x00000000ec500000, 0x0000000100000000)
  eden space 18432K, 0% used [0x00000000eab00000,0x00000000eab00000,0x00000000ebd00000)
  from space 3072K, 99% used [0x00000000ebf00000,0x00000000ec1f9200,0x00000000ec200000)
  to   space 3072K, 0% used [0x00000000ec200000,0x00000000ec200000,0x00000000ec500000)
 ParOldGen       total 68608K, used 50862K [0x00000000c0000000, 0x00000000c4300000, 0x00000000eab00000)
  object space 68608K, 74% used [0x00000000c0000000,0x00000000c31ab9a0,0x00000000c4300000)
 Metaspace       used 59633K, committed 60800K, reserved 1114112K
  class space    used 6346K, committed 6848K, reserved 1048576K
}
Event: 15.640 GC heap before
{Heap before GC invocations=37 (full 3):
 PSYoungGen      total 21504K, used 21476K [0x00000000eab00000, 0x00000000ec500000, 0x0000000100000000)
  eden space 18432K, 100% used [0x00000000eab00000,0x00000000ebd00000,0x00000000ebd00000)
  from space 3072K, 99% used [0x00000000ebf00000,0x00000000ec1f9200,0x00000000ec200000)
  to   space 3072K, 0% used [0x00000000ec200000,0x00000000ec200000,0x00000000ec500000)
 ParOldGen       total 68608K, used 50862K [0x00000000c0000000, 0x00000000c4300000, 0x00000000eab00000)
  object space 68608K, 74% used [0x00000000c0000000,0x00000000c31ab9a0,0x00000000c4300000)
 Metaspace       used 60858K, committed 62016K, reserved 1114112K
  class space    used 6487K, committed 6976K, reserved 1048576K
}
Event: 15.647 GC heap after
{Heap after GC invocations=37 (full 3):
 PSYoungGen      total 19968K, used 3043K [0x00000000eab00000, 0x00000000eca00000, 0x0000000100000000)
  eden space 16896K, 0% used [0x00000000eab00000,0x00000000eab00000,0x00000000ebb80000)
  from space 3072K, 99% used [0x00000000ec200000,0x00000000ec4f8f40,0x00000000ec500000)
  to   space 6656K, 0% used [0x00000000ebb80000,0x00000000ebb80000,0x00000000ec200000)
 ParOldGen       total 68608K, used 53830K [0x00000000c0000000, 0x00000000c4300000, 0x00000000eab00000)
  object space 68608K, 78% used [0x00000000c0000000,0x00000000c34918e8,0x00000000c4300000)
 Metaspace       used 60858K, committed 62016K, reserved 1114112K
  class space    used 6487K, committed 6976K, reserved 1048576K
}
Event: 16.229 GC heap before
{Heap before GC invocations=38 (full 3):
 PSYoungGen      total 19968K, used 19939K [0x00000000eab00000, 0x00000000eca00000, 0x0000000100000000)
  eden space 16896K, 100% used [0x00000000eab00000,0x00000000ebb80000,0x00000000ebb80000)
  from space 3072K, 99% used [0x00000000ec200000,0x00000000ec4f8f40,0x00000000ec500000)
  to   space 6656K, 0% used [0x00000000ebb80000,0x00000000ebb80000,0x00000000ec200000)
 ParOldGen       total 68608K, used 53830K [0x00000000c0000000, 0x00000000c4300000, 0x00000000eab00000)
  object space 68608K, 78% used [0x00000000c0000000,0x00000000c34918e8,0x00000000c4300000)
 Metaspace       used 62035K, committed 63232K, reserved 1114112K
  class space    used 6636K, committed 7168K, reserved 1048576K
}
Event: 16.243 GC heap after
{Heap after GC invocations=38 (full 3):
 PSYoungGen      total 19968K, used 2881K [0x00000000eab00000, 0x00000000ec380000, 0x0000000100000000)
  eden space 16896K, 0% used [0x00000000eab00000,0x00000000eab00000,0x00000000ebb80000)
  from space 3072K, 93% used [0x00000000ebb80000,0x00000000ebe50478,0x00000000ebe80000)
  to   space 4096K, 0% used [0x00000000ebf80000,0x00000000ebf80000,0x00000000ec380000)
 ParOldGen       total 68608K, used 56715K [0x00000000c0000000, 0x00000000c4300000, 0x00000000eab00000)
  object space 68608K, 82% used [0x00000000c0000000,0x00000000c3762dc8,0x00000000c4300000)
 Metaspace       used 62035K, committed 63232K, reserved 1114112K
  class space    used 6636K, committed 7168K, reserved 1048576K
}
Event: 16.506 GC heap before
{Heap before GC invocations=39 (full 3):
 PSYoungGen      total 19968K, used 19777K [0x00000000eab00000, 0x00000000ec380000, 0x0000000100000000)
  eden space 16896K, 100% used [0x00000000eab00000,0x00000000ebb80000,0x00000000ebb80000)
  from space 3072K, 93% used [0x00000000ebb80000,0x00000000ebe50478,0x00000000ebe80000)
  to   space 4096K, 0% used [0x00000000ebf80000,0x00000000ebf80000,0x00000000ec380000)
 ParOldGen       total 68608K, used 56715K [0x00000000c0000000, 0x00000000c4300000, 0x00000000eab00000)
  object space 68608K, 82% used [0x00000000c0000000,0x00000000c3762dc8,0x00000000c4300000)
 Metaspace       used 62507K, committed 63680K, reserved 1114112K
  class space    used 6670K, committed 7168K, reserved 1048576K
}
Event: 16.516 GC heap after
{Heap after GC invocations=39 (full 3):
 PSYoungGen      total 20992K, used 3823K [0x00000000eab00000, 0x00000000ec380000, 0x0000000100000000)
  eden space 16896K, 0% used [0x00000000eab00000,0x00000000eab00000,0x00000000ebb80000)
  from space 4096K, 93% used [0x00000000ebf80000,0x00000000ec33bd98,0x00000000ec380000)
  to   space 4096K, 0% used [0x00000000ebb80000,0x00000000ebb80000,0x00000000ebf80000)
 ParOldGen       total 68608K, used 59466K [0x00000000c0000000, 0x00000000c4300000, 0x00000000eab00000)
  object space 68608K, 86% used [0x00000000c0000000,0x00000000c3a12848,0x00000000c4300000)
 Metaspace       used 62507K, committed 63680K, reserved 1114112K
  class space    used 6670K, committed 7168K, reserved 1048576K
}
Event: 17.400 GC heap before
{Heap before GC invocations=40 (full 3):
 PSYoungGen      total 20992K, used 20719K [0x00000000eab00000, 0x00000000ec380000, 0x0000000100000000)
  eden space 16896K, 100% used [0x00000000eab00000,0x00000000ebb80000,0x00000000ebb80000)
  from space 4096K, 93% used [0x00000000ebf80000,0x00000000ec33bd98,0x00000000ec380000)
  to   space 4096K, 0% used [0x00000000ebb80000,0x00000000ebb80000,0x00000000ebf80000)
 ParOldGen       total 68608K, used 59466K [0x00000000c0000000, 0x00000000c4300000, 0x00000000eab00000)
  object space 68608K, 86% used [0x00000000c0000000,0x00000000c3a12848,0x00000000c4300000)
 Metaspace       used 63259K, committed 64448K, reserved 1114112K
  class space    used 6720K, committed 7232K, reserved 1048576K
}
Event: 17.407 GC heap after
{Heap after GC invocations=40 (full 3):
 PSYoungGen      total 20992K, used 4080K [0x00000000eab00000, 0x00000000ecd80000, 0x0000000100000000)
  eden space 16896K, 0% used [0x00000000eab00000,0x00000000eab00000,0x00000000ebb80000)
  from space 4096K, 99% used [0x00000000ebb80000,0x00000000ebf7c2c8,0x00000000ebf80000)
  to   space 9216K, 0% used [0x00000000ec480000,0x00000000ec480000,0x00000000ecd80000)
 ParOldGen       total 68608K, used 63434K [0x00000000c0000000, 0x00000000c4300000, 0x00000000eab00000)
  object space 68608K, 92% used [0x00000000c0000000,0x00000000c3df2840,0x00000000c4300000)
 Metaspace       used 63259K, committed 64448K, reserved 1114112K
  class space    used 6720K, committed 7232K, reserved 1048576K
}
Event: 17.919 GC heap before
{Heap before GC invocations=41 (full 3):
 PSYoungGen      total 20992K, used 20976K [0x00000000eab00000, 0x00000000ecd80000, 0x0000000100000000)
  eden space 16896K, 100% used [0x00000000eab00000,0x00000000ebb80000,0x00000000ebb80000)
  from space 4096K, 99% used [0x00000000ebb80000,0x00000000ebf7c2c8,0x00000000ebf80000)
  to   space 9216K, 0% used [0x00000000ec480000,0x00000000ec480000,0x00000000ecd80000)
 ParOldGen       total 68608K, used 63434K [0x00000000c0000000, 0x00000000c4300000, 0x00000000eab00000)
  object space 68608K, 92% used [0x00000000c0000000,0x00000000c3df2840,0x00000000c4300000)
 Metaspace       used 63752K, committed 64896K, reserved 1114112K
  class space    used 6753K, committed 7232K, reserved 1048576K
}
Event: 17.928 GC heap after
{Heap after GC invocations=41 (full 3):
 PSYoungGen      total 20480K, used 3529K [0x00000000eab00000, 0x00000000ec800000, 0x0000000100000000)
  eden space 16896K, 0% used [0x00000000eab00000,0x00000000eab00000,0x00000000ebb80000)
  from space 3584K, 98% used [0x00000000ec480000,0x00000000ec7f25d0,0x00000000ec800000)
  to   space 5632K, 0% used [0x00000000ebd00000,0x00000000ebd00000,0x00000000ec280000)
 ParOldGen       total 68608K, used 67491K [0x00000000c0000000, 0x00000000c4300000, 0x00000000eab00000)
  object space 68608K, 98% used [0x00000000c0000000,0x00000000c41e8ca8,0x00000000c4300000)
 Metaspace       used 63752K, committed 64896K, reserved 1114112K
  class space    used 6753K, committed 7232K, reserved 1048576K
}
Event: 18.367 GC heap before
{Heap before GC invocations=42 (full 4):
 PSYoungGen      total 20480K, used 20425K [0x00000000eab00000, 0x00000000ec800000, 0x0000000100000000)
  eden space 16896K, 100% used [0x00000000eab00000,0x00000000ebb80000,0x00000000ebb80000)
  from space 3584K, 98% used [0x00000000ec480000,0x00000000ec7f25d0,0x00000000ec800000)
  to   space 5632K, 0% used [0x00000000ebd00000,0x00000000ebd00000,0x00000000ec280000)
 ParOldGen       total 68608K, used 67491K [0x00000000c0000000, 0x00000000c4300000, 0x00000000eab00000)
  object space 68608K, 98% used [0x00000000c0000000,0x00000000c41e8ca8,0x00000000c4300000)
 Metaspace       used 64099K, committed 65216K, reserved 1114112K
  class space    used 6769K, committed 7232K, reserved 1048576K
}
Event: 18.449 GC heap after
{Heap after GC invocations=42 (full 4):
 PSYoungGen      total 17408K, used 0K [0x00000000eab00000, 0x00000000ec680000, 0x0000000100000000)
  eden space 16896K, 0% used [0x00000000eab00000,0x00000000eab00000,0x00000000ebb80000)
  from space 512K, 0% used [0x00000000ebd00000,0x00000000ebd00000,0x00000000ebd80000)
  to   space 5632K, 0% used [0x00000000ec100000,0x00000000ec100000,0x00000000ec680000)
 ParOldGen       total 93184K, used 63885K [0x00000000c0000000, 0x00000000c5b00000, 0x00000000eab00000)
  object space 93184K, 68% used [0x00000000c0000000,0x00000000c3e637c0,0x00000000c5b00000)
 Metaspace       used 64099K, committed 65216K, reserved 1114112K
  class space    used 6769K, committed 7232K, reserved 1048576K
}
Event: 18.867 GC heap before
{Heap before GC invocations=43 (full 4):
 PSYoungGen      total 17408K, used 16896K [0x00000000eab00000, 0x00000000ec680000, 0x0000000100000000)
  eden space 16896K, 100% used [0x00000000eab00000,0x00000000ebb80000,0x00000000ebb80000)
  from space 512K, 0% used [0x00000000ebd00000,0x00000000ebd00000,0x00000000ebd80000)
  to   space 5632K, 0% used [0x00000000ec100000,0x00000000ec100000,0x00000000ec680000)
 ParOldGen       total 93184K, used 63885K [0x00000000c0000000, 0x00000000c5b00000, 0x00000000eab00000)
  object space 93184K, 68% used [0x00000000c0000000,0x00000000c3e637c0,0x00000000c5b00000)
 Metaspace       used 65164K, committed 66368K, reserved 1114112K
  class space    used 6876K, committed 7424K, reserved 1048576K
}
Event: 18.871 GC heap after
{Heap after GC invocations=43 (full 4):
 PSYoungGen      total 19456K, used 2400K [0x00000000eab00000, 0x00000000ec380000, 0x0000000100000000)
  eden space 16896K, 0% used [0x00000000eab00000,0x00000000eab00000,0x00000000ebb80000)
  from space 2560K, 93% used [0x00000000ec100000,0x00000000ec358000,0x00000000ec380000)
  to   space 3584K, 0% used [0x00000000ebc80000,0x00000000ebc80000,0x00000000ec000000)
 ParOldGen       total 93184K, used 63893K [0x00000000c0000000, 0x00000000c5b00000, 0x00000000eab00000)
  object space 93184K, 68% used [0x00000000c0000000,0x00000000c3e657c0,0x00000000c5b00000)
 Metaspace       used 65164K, committed 66368K, reserved 1114112K
  class space    used 6876K, committed 7424K, reserved 1048576K
}
Event: 19.063 GC heap before
{Heap before GC invocations=44 (full 4):
 PSYoungGen      total 19456K, used 19296K [0x00000000eab00000, 0x00000000ec380000, 0x0000000100000000)
  eden space 16896K, 100% used [0x00000000eab00000,0x00000000ebb80000,0x00000000ebb80000)
  from space 2560K, 93% used [0x00000000ec100000,0x00000000ec358000,0x00000000ec380000)
  to   space 3584K, 0% used [0x00000000ebc80000,0x00000000ebc80000,0x00000000ec000000)
 ParOldGen       total 93184K, used 63893K [0x00000000c0000000, 0x00000000c5b00000, 0x00000000eab00000)
  object space 93184K, 68% used [0x00000000c0000000,0x00000000c3e657c0,0x00000000c5b00000)
 Metaspace       used 65569K, committed 66752K, reserved 1114112K
  class space    used 6920K, committed 7424K, reserved 1048576K
}
Event: 19.067 GC heap after
{Heap after GC invocations=44 (full 4):
 PSYoungGen      total 20480K, used 3159K [0x00000000eab00000, 0x00000000ec280000, 0x0000000100000000)
  eden space 16896K, 0% used [0x00000000eab00000,0x00000000eab00000,0x00000000ebb80000)
  from space 3584K, 88% used [0x00000000ebc80000,0x00000000ebf95c00,0x00000000ec000000)
  to   space 2560K, 0% used [0x00000000ec000000,0x00000000ec000000,0x00000000ec280000)
 ParOldGen       total 93184K, used 65703K [0x00000000c0000000, 0x00000000c5b00000, 0x00000000eab00000)
  object space 93184K, 70% used [0x00000000c0000000,0x00000000c4029eb0,0x00000000c5b00000)
 Metaspace       used 65569K, committed 66752K, reserved 1114112K
  class space    used 6920K, committed 7424K, reserved 1048576K
}
Event: 19.296 GC heap before
{Heap before GC invocations=45 (full 4):
 PSYoungGen      total 20480K, used 20055K [0x00000000eab00000, 0x00000000ec280000, 0x0000000100000000)
  eden space 16896K, 100% used [0x00000000eab00000,0x00000000ebb80000,0x00000000ebb80000)
  from space 3584K, 88% used [0x00000000ebc80000,0x00000000ebf95c00,0x00000000ec000000)
  to   space 2560K, 0% used [0x00000000ec000000,0x00000000ec000000,0x00000000ec280000)
 ParOldGen       total 93184K, used 65703K [0x00000000c0000000, 0x00000000c5b00000, 0x00000000eab00000)
  object space 93184K, 70% used [0x00000000c0000000,0x00000000c4029eb0,0x00000000c5b00000)
 Metaspace       used 65855K, committed 67072K, reserved 1114112K
  class space    used 6959K, committed 7488K, reserved 1048576K
}
Event: 19.302 GC heap after
{Heap after GC invocations=45 (full 4):
 PSYoungGen      total 17408K, used 2549K [0x00000000eab00000, 0x00000000ec880000, 0x0000000100000000)
  eden space 14848K, 0% used [0x00000000eab00000,0x00000000eab00000,0x00000000eb980000)
  from space 2560K, 99% used [0x00000000ec000000,0x00000000ec27d4a0,0x00000000ec280000)
  to   space 6656K, 0% used [0x00000000eb980000,0x00000000eb980000,0x00000000ec000000)
 ParOldGen       total 93184K, used 69097K [0x00000000c0000000, 0x00000000c5b00000, 0x00000000eab00000)
  object space 93184K, 74% used [0x00000000c0000000,0x00000000c437a420,0x00000000c5b00000)
 Metaspace       used 65855K, committed 67072K, reserved 1114112K
  class space    used 6959K, committed 7488K, reserved 1048576K
}

Dll operation events (10 events):
Event: 0.029 Loaded shared library c:\Users\gipso\.vscode\extensions\redhat.java-1.37.0-win32-x64\jre\17.0.13-win32-x86_64\bin\java.dll
Event: 0.469 Loaded shared library c:\Users\gipso\.vscode\extensions\redhat.java-1.37.0-win32-x64\jre\17.0.13-win32-x86_64\bin\zip.dll
Event: 0.477 Loaded shared library C:\Users\gipso\.vscode\extensions\redhat.java-1.37.0-win32-x64\jre\17.0.13-win32-x86_64\bin\instrument.dll
Event: 0.519 Loaded shared library C:\Users\gipso\.vscode\extensions\redhat.java-1.37.0-win32-x64\jre\17.0.13-win32-x86_64\bin\net.dll
Event: 0.526 Loaded shared library C:\Users\gipso\.vscode\extensions\redhat.java-1.37.0-win32-x64\jre\17.0.13-win32-x86_64\bin\nio.dll
Event: 0.549 Loaded shared library C:\Users\gipso\.vscode\extensions\redhat.java-1.37.0-win32-x64\jre\17.0.13-win32-x86_64\bin\zip.dll
Event: 0.585 Loaded shared library C:\Users\gipso\.vscode\extensions\redhat.java-1.37.0-win32-x64\jre\17.0.13-win32-x86_64\bin\jimage.dll
Event: 0.853 Loaded shared library c:\Users\gipso\.vscode\extensions\redhat.java-1.37.0-win32-x64\jre\17.0.13-win32-x86_64\bin\verify.dll
Event: 3.251 Loaded shared library C:\Users\gipso\AppData\Roaming\Code\User\globalStorage\redhat.java\1.37.0\config_win\org.eclipse.equinox.launcher\org.eclipse.equinox.launcher.win32.win32.x86_64_1.2.1100.v20240722-2106\eclipse_11904.dll
Event: 6.161 Loaded shared library C:\Users\gipso\AppData\Local\Temp\jna-98362026\jna7010110088603127743.dll

Deoptimization events (20 events):
Event: 19.550 Thread 0x000002491e3083d0 Uncommon trap: trap_request=0xffffffc6 fr.pc=0x000002490d885a98 relative=0x0000000000000078
Event: 19.550 Thread 0x000002491e3083d0 Uncommon trap: reason=bimorphic_or_optimized_type_check action=maybe_recompile pc=0x000002490d885a98 method=java.nio.file.Files.provider(Ljava/nio/file/Path;)Ljava/nio/file/spi/FileSystemProvider; @ 1 c2
Event: 19.550 Thread 0x000002491e3083d0 DEOPT PACKING pc=0x000002490d885a98 sp=0x000000645a9fe980
Event: 19.550 Thread 0x000002491e3083d0 DEOPT UNPACKING pc=0x000002490d039ea3 sp=0x000000645a9fe910 mode 2
Event: 19.553 Thread 0x000002491e3083d0 Uncommon trap: trap_request=0xffffffc6 fr.pc=0x000002490d885a98 relative=0x0000000000000078
Event: 19.553 Thread 0x000002491e3083d0 Uncommon trap: reason=bimorphic_or_optimized_type_check action=maybe_recompile pc=0x000002490d885a98 method=java.nio.file.Files.provider(Ljava/nio/file/Path;)Ljava/nio/file/spi/FileSystemProvider; @ 1 c2
Event: 19.553 Thread 0x000002491e3083d0 DEOPT PACKING pc=0x000002490d885a98 sp=0x000000645a9fe980
Event: 19.553 Thread 0x000002491e3083d0 DEOPT UNPACKING pc=0x000002490d039ea3 sp=0x000000645a9fe910 mode 2
Event: 19.553 Thread 0x000002491e3083d0 Uncommon trap: trap_request=0xffffffde fr.pc=0x000002490d8f1f98 relative=0x0000000000000258
Event: 19.553 Thread 0x000002491e3083d0 Uncommon trap: reason=class_check action=maybe_recompile pc=0x000002490d8f1f98 method=sun.nio.fs.WindowsPath.compareTo(Ljava/nio/file/Path;)I @ 18 c2
Event: 19.553 Thread 0x000002491e3083d0 DEOPT PACKING pc=0x000002490d8f1f98 sp=0x000000645a9fe840
Event: 19.553 Thread 0x000002491e3083d0 DEOPT UNPACKING pc=0x000002490d039ea3 sp=0x000000645a9fe7b0 mode 2
Event: 19.557 Thread 0x000002491e3083d0 Uncommon trap: trap_request=0xffffffde fr.pc=0x000002490d8f1f98 relative=0x0000000000000258
Event: 19.557 Thread 0x000002491e3083d0 Uncommon trap: reason=class_check action=maybe_recompile pc=0x000002490d8f1f98 method=sun.nio.fs.WindowsPath.compareTo(Ljava/nio/file/Path;)I @ 18 c2
Event: 19.557 Thread 0x000002491e3083d0 DEOPT PACKING pc=0x000002490d8f1f98 sp=0x000000645a9fe840
Event: 19.557 Thread 0x000002491e3083d0 DEOPT UNPACKING pc=0x000002490d039ea3 sp=0x000000645a9fe7b0 mode 2
Event: 19.570 Thread 0x000002491e3083d0 Uncommon trap: trap_request=0xffffffde fr.pc=0x000002490d8f1f98 relative=0x0000000000000258
Event: 19.570 Thread 0x000002491e3083d0 Uncommon trap: reason=class_check action=maybe_recompile pc=0x000002490d8f1f98 method=sun.nio.fs.WindowsPath.compareTo(Ljava/nio/file/Path;)I @ 18 c2
Event: 19.570 Thread 0x000002491e3083d0 DEOPT PACKING pc=0x000002490d8f1f98 sp=0x000000645a9fe840
Event: 19.570 Thread 0x000002491e3083d0 DEOPT UNPACKING pc=0x000002490d039ea3 sp=0x000000645a9fe7b0 mode 2

Classes loaded (20 events):
Event: 18.928 Loading class sun/nio/cs/ISO_8859_1$Decoder
Event: 18.928 Loading class sun/nio/cs/ISO_8859_1$Decoder done
Event: 19.310 Loading class java/util/AbstractList$RandomAccessSpliterator
Event: 19.310 Loading class java/util/AbstractList$RandomAccessSpliterator done
Event: 19.492 Loading class java/util/TreeMap$ValueSpliterator
Event: 19.492 Loading class java/util/TreeMap$TreeMapSpliterator
Event: 19.492 Loading class java/util/TreeMap$TreeMapSpliterator done
Event: 19.492 Loading class java/util/TreeMap$ValueSpliterator done
Event: 19.536 Loading class java/util/concurrent/CompletionException
Event: 19.536 Loading class java/util/concurrent/CompletionException done
Event: 19.542 Loading class java/nio/file/FileTreeWalker$1
Event: 19.542 Loading class java/nio/file/FileTreeWalker$1 done
Event: 19.543 Loading class sun/nio/fs/Globs
Event: 19.544 Loading class sun/nio/fs/Globs done
Event: 19.544 Loading class java/util/regex/Pattern$SliceU
Event: 19.544 Loading class java/util/regex/Pattern$SliceU done
Event: 19.544 Loading class sun/nio/fs/WindowsFileSystem$2
Event: 19.544 Loading class java/nio/file/PathMatcher
Event: 19.544 Loading class java/nio/file/PathMatcher done
Event: 19.544 Loading class sun/nio/fs/WindowsFileSystem$2 done

Classes unloaded (7 events):
Event: 8.235 Thread 0x000002491c4914b0 Unloading class 0x0000000100252000 'java/lang/invoke/LambdaForm$MH+0x0000000100252000'
Event: 8.235 Thread 0x000002491c4914b0 Unloading class 0x0000000100251c00 'java/lang/invoke/LambdaForm$MH+0x0000000100251c00'
Event: 8.235 Thread 0x000002491c4914b0 Unloading class 0x0000000100251800 'java/lang/invoke/LambdaForm$MH+0x0000000100251800'
Event: 8.235 Thread 0x000002491c4914b0 Unloading class 0x0000000100251400 'java/lang/invoke/LambdaForm$MH+0x0000000100251400'
Event: 8.235 Thread 0x000002491c4914b0 Unloading class 0x0000000100251000 'java/lang/invoke/LambdaForm$BMH+0x0000000100251000'
Event: 8.235 Thread 0x000002491c4914b0 Unloading class 0x0000000100250c00 'java/lang/invoke/LambdaForm$DMH+0x0000000100250c00'
Event: 8.235 Thread 0x000002491c4914b0 Unloading class 0x000000010024c400 'java/lang/invoke/LambdaForm$DMH+0x000000010024c400'

Classes redefined (0 events):
No events

Internal exceptions (20 events):
Event: 19.601 Thread 0x000002491e3083d0 Exception <a 'sun/nio/fs/WindowsException'{0x00000000eb49f9b0}> (0x00000000eb49f9b0) 
thrown [s\src\hotspot\share\prims\jni.cpp, line 516]
Event: 19.604 Thread 0x000002491e3083d0 Exception <a 'sun/nio/fs/WindowsException'{0x00000000eb4a0078}> (0x00000000eb4a0078) 
thrown [s\src\hotspot\share\prims\jni.cpp, line 516]
Event: 19.606 Thread 0x000002491e3083d0 Exception <a 'sun/nio/fs/WindowsException'{0x00000000eb4a0740}> (0x00000000eb4a0740) 
thrown [s\src\hotspot\share\prims\jni.cpp, line 516]
Event: 19.607 Thread 0x000002491e3083d0 Exception <a 'sun/nio/fs/WindowsException'{0x00000000eb4a0e28}> (0x00000000eb4a0e28) 
thrown [s\src\hotspot\share\prims\jni.cpp, line 516]
Event: 19.614 Thread 0x000002491e3083d0 Exception <a 'sun/nio/fs/WindowsException'{0x00000000eb6058f8}> (0x00000000eb6058f8) 
thrown [s\src\hotspot\share\prims\jni.cpp, line 516]
Event: 19.615 Thread 0x000002491e3083d0 Exception <a 'sun/nio/fs/WindowsException'{0x00000000eb605fc8}> (0x00000000eb605fc8) 
thrown [s\src\hotspot\share\prims\jni.cpp, line 516]
Event: 19.615 Thread 0x000002491e3083d0 Exception <a 'sun/nio/fs/WindowsException'{0x00000000eb6066a8}> (0x00000000eb6066a8) 
thrown [s\src\hotspot\share\prims\jni.cpp, line 516]
Event: 19.615 Thread 0x000002491e3083d0 Exception <a 'sun/nio/fs/WindowsException'{0x00000000eb606d98}> (0x00000000eb606d98) 
thrown [s\src\hotspot\share\prims\jni.cpp, line 516]
Event: 19.618 Thread 0x000002491e3083d0 Exception <a 'sun/nio/fs/WindowsException'{0x00000000eb60af28}> (0x00000000eb60af28) 
thrown [s\src\hotspot\share\prims\jni.cpp, line 516]
Event: 19.618 Thread 0x000002491e3083d0 Exception <a 'sun/nio/fs/WindowsException'{0x00000000eb60b5f8}> (0x00000000eb60b5f8) 
thrown [s\src\hotspot\share\prims\jni.cpp, line 516]
Event: 19.618 Thread 0x000002491e3083d0 Exception <a 'sun/nio/fs/WindowsException'{0x00000000eb60bcd8}> (0x00000000eb60bcd8) 
thrown [s\src\hotspot\share\prims\jni.cpp, line 516]
Event: 19.619 Thread 0x000002491e3083d0 Exception <a 'sun/nio/fs/WindowsException'{0x00000000eb60c3c8}> (0x00000000eb60c3c8) 
thrown [s\src\hotspot\share\prims\jni.cpp, line 516]
Event: 19.621 Thread 0x000002491e3083d0 Exception <a 'sun/nio/fs/WindowsException'{0x00000000eb610558}> (0x00000000eb610558) 
thrown [s\src\hotspot\share\prims\jni.cpp, line 516]
Event: 19.621 Thread 0x000002491e3083d0 Exception <a 'sun/nio/fs/WindowsException'{0x00000000eb610c28}> (0x00000000eb610c28) 
thrown [s\src\hotspot\share\prims\jni.cpp, line 516]
Event: 19.621 Thread 0x000002491e3083d0 Exception <a 'sun/nio/fs/WindowsException'{0x00000000eb611308}> (0x00000000eb611308) 
thrown [s\src\hotspot\share\prims\jni.cpp, line 516]
Event: 19.621 Thread 0x000002491e3083d0 Exception <a 'sun/nio/fs/WindowsException'{0x00000000eb6119f8}> (0x00000000eb6119f8) 
thrown [s\src\hotspot\share\prims\jni.cpp, line 516]
Event: 19.625 Thread 0x000002491e3083d0 Exception <a 'sun/nio/fs/WindowsException'{0x00000000eb615508}> (0x00000000eb615508) 
thrown [s\src\hotspot\share\prims\jni.cpp, line 516]
Event: 19.626 Thread 0x000002491e3083d0 Exception <a 'sun/nio/fs/WindowsException'{0x00000000eb724a70}> (0x00000000eb724a70) 
thrown [s\src\hotspot\share\prims\jni.cpp, line 516]
Event: 19.626 Thread 0x000002491e3083d0 Exception <a 'sun/nio/fs/WindowsException'{0x00000000eb725150}> (0x00000000eb725150) 
thrown [s\src\hotspot\share\prims\jni.cpp, line 516]
Event: 19.626 Thread 0x000002491e3083d0 Exception <a 'sun/nio/fs/WindowsException'{0x00000000eb725840}> (0x00000000eb725840) 
thrown [s\src\hotspot\share\prims\jni.cpp, line 516]

VM Operations (20 events):
Event: 17.588 Executing VM operation: ICBufferFull
Event: 17.607 Executing VM operation: ICBufferFull done
Event: 17.619 Executing VM operation: HandshakeAllThreads
Event: 17.620 Executing VM operation: HandshakeAllThreads done
Event: 17.770 Executing VM operation: HandshakeAllThreads
Event: 17.771 Executing VM operation: HandshakeAllThreads done
Event: 17.899 Executing VM operation: ParallelGCFailedAllocation
Event: 17.928 Executing VM operation: ParallelGCFailedAllocation done
Event: 18.134 Executing VM operation: HandshakeAllThreads
Event: 18.134 Executing VM operation: HandshakeAllThreads done
Event: 18.278 Executing VM operation: ICBufferFull
Event: 18.303 Executing VM operation: ICBufferFull done
Event: 18.367 Executing VM operation: ParallelGCFailedAllocation
Event: 18.449 Executing VM operation: ParallelGCFailedAllocation done
Event: 18.867 Executing VM operation: ParallelGCFailedAllocation
Event: 18.871 Executing VM operation: ParallelGCFailedAllocation done
Event: 19.063 Executing VM operation: ParallelGCFailedAllocation
Event: 19.067 Executing VM operation: ParallelGCFailedAllocation done
Event: 19.296 Executing VM operation: ParallelGCFailedAllocation
Event: 19.302 Executing VM operation: ParallelGCFailedAllocation done

Memory protections (0 events):
No events

Nmethod flushes (20 events):
Event: 17.787 Thread 0x000002491c5232f0 flushing  nmethod 0x0000024906828890
Event: 17.787 Thread 0x000002491c5232f0 flushing  nmethod 0x0000024906829210
Event: 17.787 Thread 0x000002491c5232f0 flushing  nmethod 0x000002490682af90
Event: 17.787 Thread 0x000002491c5232f0 flushing  nmethod 0x0000024906840d90
Event: 17.787 Thread 0x000002491c5232f0 flushing  nmethod 0x0000024906841e10
Event: 17.787 Thread 0x000002491c5232f0 flushing  nmethod 0x0000024906844d90
Event: 17.787 Thread 0x000002491c5232f0 flushing  nmethod 0x0000024906845110
Event: 17.787 Thread 0x000002491c5232f0 flushing  nmethod 0x0000024906848e10
Event: 17.787 Thread 0x000002491c5232f0 flushing  nmethod 0x000002490685b690
Event: 17.787 Thread 0x000002491c5232f0 flushing  nmethod 0x000002490685c190
Event: 17.787 Thread 0x000002491c5232f0 flushing  nmethod 0x000002490685e910
Event: 17.788 Thread 0x000002491c5232f0 flushing  nmethod 0x0000024906890b10
Event: 17.788 Thread 0x000002491c5232f0 flushing  nmethod 0x0000024906892610
Event: 17.788 Thread 0x000002491c5232f0 flushing  nmethod 0x0000024906892990
Event: 17.788 Thread 0x000002491c5232f0 flushing  nmethod 0x0000024906892d10
Event: 17.788 Thread 0x000002491c5232f0 flushing  nmethod 0x0000024906893610
Event: 17.788 Thread 0x000002491c5232f0 flushing  nmethod 0x0000024906896610
Event: 17.788 Thread 0x000002491c5232f0 flushing  nmethod 0x000002490689a990
Event: 17.788 Thread 0x000002491c5232f0 flushing  nmethod 0x00000249068c7090
Event: 17.788 Thread 0x000002491c5232f0 flushing osr nmethod 0x00000249068fcf10

Events (20 events):
Event: 11.949 Thread 0x000002491e3083d0 Thread added: 0x0000024920c449c0
Event: 11.949 Thread 0x000002491e3083d0 Thread added: 0x0000024920c41210
Event: 11.949 Thread 0x000002491e3083d0 Thread added: 0x0000024920c44ed0
Event: 12.188 Thread 0x000002491e30ac50 Thread exited: 0x000002491e30ac50
Event: 15.150 Thread 0x000002491e3083d0 Thread added: 0x0000024920c47240
Event: 16.564 Thread 0x000002491e3083d0 Thread added: 0x000002491e309300
Event: 16.565 Thread 0x000002491e3083d0 Thread added: 0x000002492b8413c0
Event: 16.763 Thread 0x000002491e3083d0 Thread added: 0x000002492b848320
Event: 16.792 Thread 0x000002491e3083d0 Thread added: 0x000002492b841de0
Event: 16.805 Thread 0x000002491e3083d0 Thread added: 0x000002492b845fb0
Event: 16.806 Thread 0x000002491e3083d0 Thread added: 0x000002492b8418d0
Event: 17.245 Thread 0x000002491ffb8180 Thread exited: 0x000002491ffb8180
Event: 18.710 Thread 0x000002491e3083d0 Thread added: 0x000002492b844b70
Event: 18.710 Thread 0x000002491e3083d0 Thread added: 0x000002492b845080
Event: 18.710 Thread 0x000002491e3083d0 Thread added: 0x000002492b842800
Event: 18.880 Thread 0x000002491e3083d0 Thread added: 0x000002492b844150
Event: 18.947 Thread 0x000002492b845080 Thread exited: 0x000002492b845080
Event: 18.947 Thread 0x000002492b842800 Thread exited: 0x000002492b842800
Event: 18.952 Thread 0x000002492b844150 Thread exited: 0x000002492b844150
Event: 18.952 Thread 0x000002492b844b70 Thread exited: 0x000002492b844b70


Dynamic libraries:
0x00007ff685c60000 - 0x00007ff685c6e000 	c:\Users\gipso\.vscode\extensions\redhat.java-1.37.0-win32-x64\jre\17.0.13-win32-x86_64\bin\java.exe
0x00007ffa9bb50000 - 0x00007ffa9bd67000 	C:\WINDOWS\SYSTEM32\ntdll.dll
0x00007ffa9b6b0000 - 0x00007ffa9b774000 	C:\WINDOWS\System32\KERNEL32.DLL
0x00007ffa99280000 - 0x00007ffa9963a000 	C:\WINDOWS\System32\KERNELBASE.dll
0x00007ffa99710000 - 0x00007ffa99821000 	C:\WINDOWS\System32\ucrtbase.dll
0x00007ffa85c70000 - 0x00007ffa85c87000 	c:\Users\gipso\.vscode\extensions\redhat.java-1.37.0-win32-x64\jre\17.0.13-win32-x86_64\bin\jli.dll
0x00007ffa85ff0000 - 0x00007ffa8600e000 	c:\Users\gipso\.vscode\extensions\redhat.java-1.37.0-win32-x64\jre\17.0.13-win32-x86_64\bin\VCRUNTIME140.dll
0x00007ffa99ce0000 - 0x00007ffa99e8e000 	C:\WINDOWS\System32\USER32.dll
0x00007ffa99830000 - 0x00007ffa99856000 	C:\WINDOWS\System32\win32u.dll
0x00007ffa9a890000 - 0x00007ffa9a8b9000 	C:\WINDOWS\System32\GDI32.dll
0x00007ffa89fa0000 - 0x00007ffa8a232000 	C:\WINDOWS\WinSxS\amd64_microsoft.windows.common-controls_6595b64144ccf1df_6.0.22621.4541_none_2710d1c57384c085\COMCTL32.dll
0x00007ffa98e30000 - 0x00007ffa98f4b000 	C:\WINDOWS\System32\gdi32full.dll
0x00007ffa99640000 - 0x00007ffa996da000 	C:\WINDOWS\System32\msvcp_win.dll
0x00007ffa9a020000 - 0x00007ffa9a0c7000 	C:\WINDOWS\System32\msvcrt.dll
0x00007ffa9b780000 - 0x00007ffa9b7b1000 	C:\WINDOWS\System32\IMM32.DLL
0x00007ffa955e0000 - 0x00007ffa955ec000 	c:\Users\gipso\.vscode\extensions\redhat.java-1.37.0-win32-x64\jre\17.0.13-win32-x86_64\bin\vcruntime140_1.dll
0x00007ffa7fb90000 - 0x00007ffa7fc1d000 	c:\Users\gipso\.vscode\extensions\redhat.java-1.37.0-win32-x64\jre\17.0.13-win32-x86_64\bin\msvcp140.dll
0x00007ffa46090000 - 0x00007ffa46cfb000 	c:\Users\gipso\.vscode\extensions\redhat.java-1.37.0-win32-x64\jre\17.0.13-win32-x86_64\bin\server\jvm.dll
0x00007ffa99e90000 - 0x00007ffa99f42000 	C:\WINDOWS\System32\ADVAPI32.dll
0x00007ffa9a610000 - 0x00007ffa9a6b7000 	C:\WINDOWS\System32\sechost.dll
0x00007ffa996e0000 - 0x00007ffa99708000 	C:\WINDOWS\System32\bcrypt.dll
0x00007ffa9b1a0000 - 0x00007ffa9b2b4000 	C:\WINDOWS\System32\RPCRT4.dll
0x00007ffa9b520000 - 0x00007ffa9b591000 	C:\WINDOWS\System32\WS2_32.dll
0x00007ffa98b50000 - 0x00007ffa98b9d000 	C:\WINDOWS\SYSTEM32\POWRPROF.dll
0x00007ffa8b540000 - 0x00007ffa8b574000 	C:\WINDOWS\SYSTEM32\WINMM.dll
0x00007ffa85950000 - 0x00007ffa8595a000 	C:\WINDOWS\SYSTEM32\VERSION.dll
0x00007ffa98b30000 - 0x00007ffa98b43000 	C:\WINDOWS\SYSTEM32\UMPDC.dll
0x00007ffa97e30000 - 0x00007ffa97e48000 	C:\WINDOWS\SYSTEM32\kernel.appcore.dll
0x00007ffa95560000 - 0x00007ffa9556a000 	c:\Users\gipso\.vscode\extensions\redhat.java-1.37.0-win32-x64\jre\17.0.13-win32-x86_64\bin\jimage.dll
0x00007ffa96030000 - 0x00007ffa96262000 	C:\WINDOWS\SYSTEM32\DBGHELP.DLL
0x00007ffa9a280000 - 0x00007ffa9a60f000 	C:\WINDOWS\System32\combase.dll
0x00007ffa9b340000 - 0x00007ffa9b417000 	C:\WINDOWS\System32\OLEAUT32.dll
0x00007ffa850f0000 - 0x00007ffa85122000 	C:\WINDOWS\SYSTEM32\dbgcore.DLL
0x00007ffa99010000 - 0x00007ffa9908b000 	C:\WINDOWS\System32\bcryptPrimitives.dll
0x00007ffa89290000 - 0x00007ffa8929e000 	c:\Users\gipso\.vscode\extensions\redhat.java-1.37.0-win32-x64\jre\17.0.13-win32-x86_64\bin\instrument.dll
0x00007ffa83ec0000 - 0x00007ffa83ee5000 	c:\Users\gipso\.vscode\extensions\redhat.java-1.37.0-win32-x64\jre\17.0.13-win32-x86_64\bin\java.dll
0x00007ffa849e0000 - 0x00007ffa849f8000 	c:\Users\gipso\.vscode\extensions\redhat.java-1.37.0-win32-x64\jre\17.0.13-win32-x86_64\bin\zip.dll
0x00007ffa9a920000 - 0x00007ffa9b198000 	C:\WINDOWS\System32\SHELL32.dll
0x00007ffa96d20000 - 0x00007ffa97628000 	C:\WINDOWS\SYSTEM32\windows.storage.dll
0x00007ffa96be0000 - 0x00007ffa96d1f000 	C:\WINDOWS\SYSTEM32\wintypes.dll
0x00007ffa9a0d0000 - 0x00007ffa9a1ca000 	C:\WINDOWS\System32\SHCORE.dll
0x00007ffa9b4c0000 - 0x00007ffa9b51e000 	C:\WINDOWS\System32\shlwapi.dll
0x00007ffa98d60000 - 0x00007ffa98d8b000 	C:\WINDOWS\SYSTEM32\profapi.dll
0x00007ffa7a610000 - 0x00007ffa7a629000 	C:\Users\gipso\.vscode\extensions\redhat.java-1.37.0-win32-x64\jre\17.0.13-win32-x86_64\bin\net.dll
0x00007ffa90950000 - 0x00007ffa90a86000 	C:\WINDOWS\SYSTEM32\WINHTTP.dll
0x00007ffa982a0000 - 0x00007ffa98309000 	C:\WINDOWS\system32\mswsock.dll
0x00007ffa7a5f0000 - 0x00007ffa7a606000 	C:\Users\gipso\.vscode\extensions\redhat.java-1.37.0-win32-x64\jre\17.0.13-win32-x86_64\bin\nio.dll
0x00007ffa88930000 - 0x00007ffa88940000 	c:\Users\gipso\.vscode\extensions\redhat.java-1.37.0-win32-x64\jre\17.0.13-win32-x86_64\bin\verify.dll
0x00007ffa785b0000 - 0x00007ffa785f5000 	C:\Users\gipso\AppData\Roaming\Code\User\globalStorage\redhat.java\1.37.0\config_win\org.eclipse.equinox.launcher\org.eclipse.equinox.launcher.win32.win32.x86_64_1.2.1100.v20240722-2106\eclipse_11904.dll
0x00007ffa9a6e0000 - 0x00007ffa9a885000 	C:\WINDOWS\System32\ole32.dll
0x00007ffa98590000 - 0x00007ffa985ab000 	C:\WINDOWS\SYSTEM32\CRYPTSP.dll
0x00007ffa97d90000 - 0x00007ffa97dc5000 	C:\WINDOWS\system32\rsaenh.dll
0x00007ffa98340000 - 0x00007ffa98368000 	C:\WINDOWS\SYSTEM32\USERENV.dll
0x00007ffa984a0000 - 0x00007ffa984ac000 	C:\WINDOWS\SYSTEM32\CRYPTBASE.dll
0x00007ffa97890000 - 0x00007ffa978bd000 	C:\WINDOWS\SYSTEM32\IPHLPAPI.DLL
0x00007ffa9b4b0000 - 0x00007ffa9b4b9000 	C:\WINDOWS\System32\NSI.dll
0x00007ffa90930000 - 0x00007ffa90949000 	C:\WINDOWS\SYSTEM32\dhcpcsvc6.DLL
0x00007ffa90910000 - 0x00007ffa9092f000 	C:\WINDOWS\SYSTEM32\dhcpcsvc.DLL
0x00007ffa978c0000 - 0x00007ffa979c2000 	C:\WINDOWS\SYSTEM32\DNSAPI.dll
0x00007ffa803d0000 - 0x00007ffa80419000 	C:\Users\gipso\AppData\Local\Temp\jna-98362026\jna7010110088603127743.dll
0x00007ffa9b7c0000 - 0x00007ffa9b7c8000 	C:\WINDOWS\System32\PSAPI.DLL

dbghelp: loaded successfully - version: 4.0.5 - missing functions: none
symbol engine: initialized successfully - sym options: 0x614 - pdb path: .;c:\Users\gipso\.vscode\extensions\redhat.java-1.37.0-win32-x64\jre\17.0.13-win32-x86_64\bin;C:\WINDOWS\SYSTEM32;C:\WINDOWS\WinSxS\amd64_microsoft.windows.common-controls_6595b64144ccf1df_6.0.22621.4541_none_2710d1c57384c085;c:\Users\gipso\.vscode\extensions\redhat.java-1.37.0-win32-x64\jre\17.0.13-win32-x86_64\bin\server;C:\Users\gipso\AppData\Roaming\Code\User\globalStorage\redhat.java\1.37.0\config_win\org.eclipse.equinox.launcher\org.eclipse.equinox.launcher.win32.win32.x86_64_1.2.1100.v20240722-2106;C:\Users\gipso\AppData\Local\Temp\jna-98362026

VM Arguments:
jvm_args: --add-modules=ALL-SYSTEM --add-opens=java.base/java.util=ALL-UNNAMED --add-opens=java.base/java.lang=ALL-UNNAMED --add-opens=java.base/sun.nio.fs=ALL-UNNAMED -Declipse.application=org.eclipse.jdt.ls.core.id1 -Dosgi.bundles.defaultStartLevel=4 -Declipse.product=org.eclipse.jdt.ls.core.product -Djava.import.generatesMetadataFilesAtProjectRoot=false -DDetectVMInstallationsJob.disabled=true -Dfile.encoding=utf8 -XX:+UseParallelGC -XX:GCTimeRatio=4 -XX:AdaptiveSizePolicyWeight=90 -Dsun.zip.disableMemoryMapping=true -Xmx1G -Xms100m -Xlog:disable -javaagent:c:\Users\gipso\.vscode\extensions\redhat.java-1.37.0-win32-x64\lombok\lombok-1.18.34.jar -XX:+HeapDumpOnOutOfMemoryError -XX:HeapDumpPath=c:\Users\gipso\AppData\Roaming\Code\User\workspaceStorage\b642802f492ce5017a0266edc43d445e\redhat.java -Daether.dependencyCollector.impl=bf 
java_command: c:\Users\gipso\.vscode\extensions\redhat.java-1.37.0-win32-x64\server\plugins\org.eclipse.equinox.launcher_1.6.900.v20240613-2009.jar -configuration c:\Users\gipso\AppData\Roaming\Code\User\globalStorage\redhat.java\1.37.0\config_win -data c:\Users\gipso\AppData\Roaming\Code\User\workspaceStorage\b642802f492ce5017a0266edc43d445e\redhat.java\jdt_ws --pipe=\\.\pipe\lsp-807dd405e79fa9b841f9447f28f7c288-sock
java_class_path (initial): c:\Users\gipso\.vscode\extensions\redhat.java-1.37.0-win32-x64\server\plugins\org.eclipse.equinox.launcher_1.6.900.v20240613-2009.jar
Launcher Type: SUN_STANDARD

[Global flags]
    uintx AdaptiveSizePolicyWeight                 = 90                                        {product} {command line}
     intx CICompilerCount                          = 4                                         {product} {ergonomic}
    uintx GCTimeRatio                              = 4                                         {product} {command line}
     bool HeapDumpOnOutOfMemoryError               = true                                   {manageable} {command line}
    ccstr HeapDumpPath                             = c:\Users\gipso\AppData\Roaming\Code\User\workspaceStorage\b642802f492ce5017a0266edc43d445e\redhat.java         {manageable} {command line}
   size_t InitialHeapSize                          = 104857600                                 {product} {command line}
   size_t MaxHeapSize                              = 1073741824                                {product} {command line}
   size_t MaxNewSize                               = 357564416                                 {product} {ergonomic}
   size_t MinHeapDeltaBytes                        = 524288                                    {product} {ergonomic}
   size_t MinHeapSize                              = 104857600                                 {product} {command line}
   size_t NewSize                                  = 34603008                                  {product} {ergonomic}
    uintx NonNMethodCodeHeapSize                   = 5839372                                {pd product} {ergonomic}
    uintx NonProfiledCodeHeapSize                  = 122909434                              {pd product} {ergonomic}
   size_t OldSize                                  = 70254592                                  {product} {ergonomic}
    uintx ProfiledCodeHeapSize                     = 122909434                              {pd product} {ergonomic}
    uintx ReservedCodeCacheSize                    = 251658240                              {pd product} {ergonomic}
     bool SegmentedCodeCache                       = true                                      {product} {ergonomic}
   size_t SoftMaxHeapSize                          = 1073741824                             {manageable} {ergonomic}
     bool UseCompressedClassPointers               = true                           {product lp64_product} {ergonomic}
     bool UseCompressedOops                        = true                           {product lp64_product} {ergonomic}
     bool UseLargePagesIndividualAllocation        = false                                  {pd product} {ergonomic}
     bool UseParallelGC                            = true                                      {product} {command line}

Logging:
Log output configuration:
 #0: stdout all=off uptime,level,tags
 #1: stderr all=off uptime,level,tags

Environment Variables:
PATH=C:\Program Files\Common Files\Oracle\Java\javapath;C:\Program Files (x86)\Common Files\Oracle\Java\java8path;C:\Program Files (x86)\Common Files\Oracle\Java\javapath;C:\Program Files (x86)\Common Files\Intel\Shared Libraries\redist\intel64\compiler;C:\WINDOWS\system32;C:\WINDOWS;C:\WINDOWS\System32\Wbem;C:\WINDOWS\System32\WindowsPowerShell\v1.0\;C:\WINDOWS\System32\OpenSSH\;C:\MinGW\bin;C:\Windows\Microsoft.NET\Framework64\v4.0.30319;C:\Program Files\Git\cmd;C:\Program Files\nodejs\;C:\ProgramData\chocolatey\bin;C:\Program Files\Calibre2\;C:\Program Files\Tailscale\;C:\php8;C:\Users\gipso\Downloads\Setup Folder\apache-maven-3.9.9-bin\apache-maven-3.9.9\bin;C:\Program Files (x86)\SMLNJ\bin\;C:\GnuWin32\bin;C:\MinGW\bin;C:\Users\gipso\AppData\Local\Programs\Python\Python311\Scripts\;C:\Users\gipso\AppData\Local\Programs\Python\Python311\;C:\Program Files\MySQL\MySQL Shell 8.0\bin\;C:\Users\gipso\AppData\Local\Microsoft\WindowsApps;C:\Users\gipso\.dotnet\tools;C:\Users\gipso\AppData\Local\GitHubDesktop\bin;C:\Users\gipso\AppData\Local\atom\bin;C:\Users\gipso\AppData\Roaming\npm;C:\Users\gipso\.dotnet\tools;;C:\Users\gipso\AppData\Local\Microsoft\WindowsApps;C:\ghcup\bin;C:\Users\gipso\AppData\Local\Programs\Microsoft VS Code\bin
USERNAME=gipso
OS=Windows_NT
PROCESSOR_IDENTIFIER=Intel64 Family 6 Model 126 Stepping 5, GenuineIntel
TMP=C:\Users\gipso\AppData\Local\Temp
TEMP=C:\Users\gipso\AppData\Local\Temp



Periodic native trim disabled


---------------  S Y S T E M  ---------------

OS:
 Windows 11 , 64 bit Build 22621 (10.0.22621.4391)
OS uptime: 3 days 5:39 hours
Hyper-V role detected

CPU: total 8 (initial active 8) (4 cores per cpu, 2 threads per core) family 6 model 126 stepping 5 microcode 0xbc, cx8, cmov, fxsr, ht, mmx, 3dnowpref, sse, sse2, sse3, ssse3, sse4.1, sse4.2, popcnt, lzcnt, tsc, tscinvbit, avx, avx2, aes, erms, clmul, bmi1, bmi2, adx, avx512f, avx512dq, avx512cd, avx512bw, avx512vl, sha, fma, vzeroupper, avx512_vpopcntdq, avx512_vpclmulqdq, avx512_vaes, avx512_vnni, clflush, clflushopt, avx512_vbmi2, avx512_vbmi, hv
Processor Information for all 8 processors :
  Max Mhz: 1190, Current Mhz: 991, Mhz Limit: 987

Memory: 4k page, system-wide physical 7778M (393M free)
TotalPageFile size 10778M (AvailPageFile size 7M)
current process WorkingSet (physical memory assigned to process): 323M, peak: 328M
current process commit charge ("private bytes"): 366M, peak: 377M

vm_info: OpenJDK 64-Bit Server VM (17.0.13+11) for windows-amd64 JRE (17.0.13+11), built on Oct 16 2024 00:10:08 by "admin" with MS VC++ 17.7 (VS2022)

END.
